{"/home/travis/build/npmtest/node-npmtest-schema-inspector/test.js":{"path":"/home/travis/build/npmtest/node-npmtest-schema-inspector/test.js","s":{"1":2,"2":2,"3":2,"4":2,"5":2,"6":2,"7":2,"8":1,"9":2,"10":2,"11":1,"12":1,"13":1,"14":1,"15":2,"16":2,"17":2,"18":2,"19":1,"20":1,"21":2,"22":2,"23":2,"24":1,"25":1,"26":1,"27":1,"28":1,"29":1,"30":1,"31":1,"32":1,"33":1,"34":1,"35":1,"36":1,"37":1,"38":1,"39":2,"40":2,"41":1,"42":2,"43":2,"44":1,"45":2,"46":2,"47":1,"48":2,"49":2,"50":1,"51":1,"52":1,"53":1,"54":1},"b":{"1":[2,1,1,1],"2":[1,1,1,1],"3":[1,1],"4":[1,1],"5":[1,1],"6":[1,1],"7":[1,1],"8":[1,1],"9":[1,1],"10":[1,1,1],"11":[1,1],"12":[1,1],"13":[1,1],"14":[1,1],"15":[1,1],"16":[1,1],"17":[1,1]},"f":{"1":2,"2":2,"3":2,"4":2,"5":2,"6":1,"7":1,"8":1,"9":2,"10":2,"11":2,"12":2,"13":1},"fnMap":{"1":{"name":"(anonymous_1)","line":12,"loc":{"start":{"line":12,"column":1},"end":{"line":12,"column":13}}},"2":{"name":"(anonymous_2)","line":19,"loc":{"start":{"line":19,"column":5},"end":{"line":19,"column":17}}},"3":{"name":"(anonymous_3)","line":23,"loc":{"start":{"line":23,"column":24},"end":{"line":23,"column":36}}},"4":{"name":"(anonymous_4)","line":61,"loc":{"start":{"line":61,"column":5},"end":{"line":61,"column":17}}},"5":{"name":"(anonymous_5)","line":82,"loc":{"start":{"line":82,"column":5},"end":{"line":82,"column":17}}},"6":{"name":"(anonymous_6)","line":91,"loc":{"start":{"line":91,"column":77},"end":{"line":94,"column":10}}},"7":{"name":"(anonymous_7)","line":112,"loc":{"start":{"line":112,"column":83},"end":{"line":115,"column":10}},"skip":true},"8":{"name":"(anonymous_8)","line":123,"loc":{"start":{"line":123,"column":77},"end":{"line":126,"column":10}},"skip":true},"9":{"name":"(anonymous_9)","line":139,"loc":{"start":{"line":139,"column":12},"end":{"line":139,"column":40}},"skip":true},"10":{"name":"(anonymous_10)","line":147,"loc":{"start":{"line":147,"column":77},"end":{"line":150,"column":10}},"skip":true},"11":{"name":"(anonymous_11)","line":158,"loc":{"start":{"line":158,"column":83},"end":{"line":161,"column":10}},"skip":true},"12":{"name":"(anonymous_12)","line":169,"loc":{"start":{"line":169,"column":79},"end":{"line":172,"column":10}},"skip":true},"13":{"name":"(anonymous_13)","line":180,"loc":{"start":{"line":180,"column":75},"end":{"line":183,"column":10}},"skip":true}},"statementMap":{"1":{"start":{"line":12,"column":0},"end":{"line":195,"column":5}},"2":{"start":{"line":14,"column":4},"end":{"line":14,"column":14}},"3":{"start":{"line":19,"column":4},"end":{"line":56,"column":9}},"4":{"start":{"line":21,"column":8},"end":{"line":21,"column":19}},"5":{"start":{"line":23,"column":8},"end":{"line":35,"column":13}},"6":{"start":{"line":24,"column":12},"end":{"line":34,"column":13}},"7":{"start":{"line":25,"column":16},"end":{"line":28,"column":30}},"8":{"start":{"line":30,"column":16},"end":{"line":33,"column":27}},"9":{"start":{"line":37,"column":8},"end":{"line":39,"column":21}},"10":{"start":{"line":40,"column":8},"end":{"line":53,"column":9}},"11":{"start":{"line":43,"column":12},"end":{"line":46,"column":14}},"12":{"start":{"line":47,"column":12},"end":{"line":47,"column":18}},"13":{"start":{"line":50,"column":12},"end":{"line":51,"column":46}},"14":{"start":{"line":52,"column":12},"end":{"line":52,"column":18}},"15":{"start":{"line":55,"column":8},"end":{"line":55,"column":35}},"16":{"start":{"line":61,"column":4},"end":{"line":63,"column":9}},"17":{"start":{"line":62,"column":8},"end":{"line":62,"column":15}},"18":{"start":{"line":64,"column":4},"end":{"line":77,"column":5}},"19":{"start":{"line":70,"column":8},"end":{"line":70,"column":14}},"20":{"start":{"line":76,"column":8},"end":{"line":76,"column":14}},"21":{"start":{"line":82,"column":4},"end":{"line":84,"column":9}},"22":{"start":{"line":83,"column":8},"end":{"line":83,"column":15}},"23":{"start":{"line":85,"column":4},"end":{"line":194,"column":5}},"24":{"start":{"line":91,"column":8},"end":{"line":99,"column":10}},"25":{"start":{"line":98,"column":12},"end":{"line":98,"column":35}},"26":{"start":{"line":102,"column":8},"end":{"line":104,"column":63}},"27":{"start":{"line":105,"column":8},"end":{"line":105,"column":14}},"28":{"start":{"line":112,"column":8},"end":{"line":121,"column":10},"skip":true},"29":{"start":{"line":119,"column":12},"end":{"line":119,"column":55},"skip":true},"30":{"start":{"line":120,"column":12},"end":{"line":120,"column":48},"skip":true},"31":{"start":{"line":123,"column":8},"end":{"line":136,"column":10},"skip":true},"32":{"start":{"line":130,"column":12},"end":{"line":130,"column":76},"skip":true},"33":{"start":{"line":131,"column":12},"end":{"line":131,"column":73},"skip":true},"34":{"start":{"line":132,"column":12},"end":{"line":132,"column":74},"skip":true},"35":{"start":{"line":133,"column":12},"end":{"line":133,"column":79},"skip":true},"36":{"start":{"line":134,"column":12},"end":{"line":134,"column":25},"skip":true},"37":{"start":{"line":135,"column":12},"end":{"line":135,"column":45},"skip":true},"38":{"start":{"line":138,"column":8},"end":{"line":145,"column":14},"skip":true},"39":{"start":{"line":143,"column":16},"end":{"line":143,"column":29},"skip":true},"40":{"start":{"line":144,"column":16},"end":{"line":144,"column":55},"skip":true},"41":{"start":{"line":147,"column":8},"end":{"line":156,"column":10},"skip":true},"42":{"start":{"line":154,"column":12},"end":{"line":154,"column":25},"skip":true},"43":{"start":{"line":155,"column":12},"end":{"line":155,"column":45},"skip":true},"44":{"start":{"line":158,"column":8},"end":{"line":167,"column":10},"skip":true},"45":{"start":{"line":165,"column":12},"end":{"line":165,"column":25},"skip":true},"46":{"start":{"line":166,"column":12},"end":{"line":166,"column":48},"skip":true},"47":{"start":{"line":169,"column":8},"end":{"line":178,"column":10},"skip":true},"48":{"start":{"line":176,"column":12},"end":{"line":176,"column":25},"skip":true},"49":{"start":{"line":177,"column":12},"end":{"line":177,"column":46},"skip":true},"50":{"start":{"line":180,"column":8},"end":{"line":189,"column":10},"skip":true},"51":{"start":{"line":187,"column":12},"end":{"line":187,"column":94},"skip":true},"52":{"start":{"line":188,"column":12},"end":{"line":188,"column":48},"skip":true},"53":{"start":{"line":192,"column":8},"end":{"line":192,"column":35},"skip":true},"54":{"start":{"line":193,"column":8},"end":{"line":193,"column":14},"skip":true}},"branchMap":{"1":{"line":25,"type":"binary-expr","locations":[{"start":{"line":25,"column":23},"end":{"line":25,"column":62}},{"start":{"line":26,"column":20},"end":{"line":26,"column":70}},{"start":{"line":27,"column":20},"end":{"line":27,"column":71}},{"start":{"line":28,"column":20},"end":{"line":28,"column":29}}]},"2":{"line":30,"type":"binary-expr","locations":[{"start":{"line":30,"column":23},"end":{"line":30,"column":37}},{"start":{"line":31,"column":20},"end":{"line":31,"column":61}},{"start":{"line":32,"column":20},"end":{"line":32,"column":70}},{"start":{"line":33,"column":20},"end":{"line":33,"column":26}}]},"3":{"line":37,"type":"cond-expr","locations":[{"start":{"line":38,"column":14},"end":{"line":38,"column":20}},{"start":{"line":39,"column":14},"end":{"line":39,"column":20}}]},"4":{"line":40,"type":"switch","locations":[{"start":{"line":42,"column":8},"end":{"line":47,"column":18}},{"start":{"line":49,"column":8},"end":{"line":52,"column":18}}]},"5":{"line":44,"type":"binary-expr","locations":[{"start":{"line":44,"column":16},"end":{"line":44,"column":44}},{"start":{"line":44,"column":48},"end":{"line":44,"column":66}}]},"6":{"line":50,"type":"binary-expr","locations":[{"start":{"line":50,"column":21},"end":{"line":50,"column":49}},{"start":{"line":50,"column":53},"end":{"line":50,"column":72}}]},"7":{"line":64,"type":"switch","locations":[{"start":{"line":69,"column":4},"end":{"line":70,"column":14}},{"start":{"line":75,"column":4},"end":{"line":76,"column":14}}]},"8":{"line":85,"type":"switch","locations":[{"start":{"line":90,"column":4},"end":{"line":105,"column":14}},{"start":{"line":111,"column":4},"end":{"line":193,"column":14},"skip":true}]},"9":{"line":91,"type":"binary-expr","locations":[{"start":{"line":91,"column":42},"end":{"line":91,"column":73}},{"start":{"line":91,"column":77},"end":{"line":99,"column":9}}]},"10":{"line":102,"type":"binary-expr","locations":[{"start":{"line":102,"column":18},"end":{"line":102,"column":32}},{"start":{"line":103,"column":12},"end":{"line":103,"column":53}},{"start":{"line":104,"column":12},"end":{"line":104,"column":61}}]},"11":{"line":112,"type":"binary-expr","locations":[{"start":{"line":112,"column":45},"end":{"line":112,"column":79},"skip":true},{"start":{"line":112,"column":83},"end":{"line":121,"column":9},"skip":true}]},"12":{"line":123,"type":"binary-expr","locations":[{"start":{"line":123,"column":42},"end":{"line":123,"column":73},"skip":true},{"start":{"line":123,"column":77},"end":{"line":136,"column":9},"skip":true}]},"13":{"line":138,"type":"binary-expr","locations":[{"start":{"line":138,"column":48},"end":{"line":138,"column":85},"skip":true},{"start":{"line":139,"column":12},"end":{"line":145,"column":13},"skip":true}]},"14":{"line":147,"type":"binary-expr","locations":[{"start":{"line":147,"column":42},"end":{"line":147,"column":73},"skip":true},{"start":{"line":147,"column":77},"end":{"line":156,"column":9},"skip":true}]},"15":{"line":158,"type":"binary-expr","locations":[{"start":{"line":158,"column":45},"end":{"line":158,"column":79},"skip":true},{"start":{"line":158,"column":83},"end":{"line":167,"column":9},"skip":true}]},"16":{"line":169,"type":"binary-expr","locations":[{"start":{"line":169,"column":43},"end":{"line":169,"column":75},"skip":true},{"start":{"line":169,"column":79},"end":{"line":178,"column":9},"skip":true}]},"17":{"line":180,"type":"binary-expr","locations":[{"start":{"line":180,"column":41},"end":{"line":180,"column":71},"skip":true},{"start":{"line":180,"column":75},"end":{"line":189,"column":9},"skip":true}]}},"code":["/* istanbul instrument in package npmtest_schema_inspector */","/*jslint","    bitwise: true,","    browser: true,","    maxerr: 8,","    maxlen: 96,","    node: true,","    nomen: true,","    regexp: true,","    stupid: true","*/","(function () {","    'use strict';","    var local;","","","","    // run shared js-env code - pre-init","    (function () {","        // init local","        local = {};","        // init modeJs","        local.modeJs = (function () {","            try {","                return typeof navigator.userAgent === 'string' &&","                    typeof document.querySelector('body') === 'object' &&","                    typeof XMLHttpRequest.prototype.open === 'function' &&","                    'browser';","            } catch (errorCaughtBrowser) {","                return module.exports &&","                    typeof process.versions.node === 'string' &&","                    typeof require('http').createServer === 'function' &&","                    'node';","            }","        }());","        // init global","        local.global = local.modeJs === 'browser'","            ? window","            : global;","        switch (local.modeJs) {","        // re-init local from window.local","        case 'browser':","            local = local.global.utility2.objectSetDefault(","                local.global.utility2_rollup || local.global.local,","                local.global.utility2","            );","            break;","        // re-init local from example.js","        case 'node':","            local = (local.global.utility2_rollup || require('utility2'))","                .requireExampleJsFromReadme();","            break;","        }","        // export local","        local.global.local = local;","    }());","","","","    // run shared js-env code - function","    (function () {","        return;","    }());","    switch (local.modeJs) {","","","","    // run browser js-env code - function","    case 'browser':","        break;","","","","    // run node js-env code - function","    case 'node':","        break;","    }","","","","    // run shared js-env code - post-init","    (function () {","        return;","    }());","    switch (local.modeJs) {","","","","    // run browser js-env code - post-init","    case 'browser':","        local.testCase_browser_nullCase = local.testCase_browser_nullCase || function (","            options,","            onError","        ) {","        /*","         * this function will test browsers's null-case handling-behavior-behavior","         */","            onError(null, options);","        };","","        // run tests","        local.nop(local.modeTest &&","            document.querySelector('#testRunButton1') &&","            document.querySelector('#testRunButton1').click());","        break;","","","","    // run node js-env code - post-init","    /* istanbul ignore next */","    case 'node':","        local.testCase_buildApidoc_default = local.testCase_buildApidoc_default || function (","            options,","            onError","        ) {","        /*","         * this function will test buildApidoc's default handling-behavior-behavior","         */","            options = { modulePathList: module.paths };","            local.buildApidoc(options, onError);","        };","","        local.testCase_buildApp_default = local.testCase_buildApp_default || function (","            options,","            onError","        ) {","        /*","         * this function will test buildApp's default handling-behavior-behavior","         */","            local.testCase_buildReadme_default(options, local.onErrorThrow);","            local.testCase_buildLib_default(options, local.onErrorThrow);","            local.testCase_buildTest_default(options, local.onErrorThrow);","            local.testCase_buildCustomOrg_default(options, local.onErrorThrow);","            options = [];","            local.buildApp(options, onError);","        };","","        local.testCase_buildCustomOrg_default = local.testCase_buildCustomOrg_default ||","            function (options, onError) {","            /*","             * this function will test buildCustomOrg's default handling-behavior","             */","                options = {};","                local.buildCustomOrg(options, onError);","            };","","        local.testCase_buildLib_default = local.testCase_buildLib_default || function (","            options,","            onError","        ) {","        /*","         * this function will test buildLib's default handling-behavior","         */","            options = {};","            local.buildLib(options, onError);","        };","","        local.testCase_buildReadme_default = local.testCase_buildReadme_default || function (","            options,","            onError","        ) {","        /*","         * this function will test buildReadme's default handling-behavior-behavior","         */","            options = {};","            local.buildReadme(options, onError);","        };","","        local.testCase_buildTest_default = local.testCase_buildTest_default || function (","            options,","            onError","        ) {","        /*","         * this function will test buildTest's default handling-behavior","         */","            options = {};","            local.buildTest(options, onError);","        };","","        local.testCase_webpage_default = local.testCase_webpage_default || function (","            options,","            onError","        ) {","        /*","         * this function will test webpage's default handling-behavior","         */","            options = { modeCoverageMerge: true, url: local.serverLocalHost + '?modeTest=1' };","            local.browserTest(options, onError);","        };","","        // run test-server","        local.testRunServer(local);","        break;","    }","}());",""],"l":{"12":2,"14":2,"19":2,"21":2,"23":2,"24":2,"25":2,"30":1,"37":2,"40":2,"43":1,"47":1,"50":1,"52":1,"55":2,"61":2,"62":2,"64":2,"70":1,"76":1,"82":2,"83":2,"85":2,"91":1,"98":1,"102":1,"105":1,"112":1,"119":1,"120":1,"123":1,"130":1,"131":1,"132":1,"133":1,"134":1,"135":1,"138":1,"143":2,"144":2,"147":1,"154":2,"155":2,"158":1,"165":2,"166":2,"169":1,"176":2,"177":2,"180":1,"187":1,"188":1,"192":1,"193":1}},"/home/travis/build/npmtest/node-npmtest-schema-inspector/lib.npmtest_schema_inspector.js":{"path":"/home/travis/build/npmtest/node-npmtest-schema-inspector/lib.npmtest_schema_inspector.js","s":{"1":2,"2":2,"3":2,"4":2,"5":2,"6":2,"7":2,"8":1,"9":2,"10":2,"11":2,"12":2,"13":1,"14":1,"15":1,"16":1},"b":{"1":[2,1,1,1],"2":[1,1,1,1],"3":[1,1],"4":[2,2],"5":[1,1]},"f":{"1":2,"2":2,"3":2},"fnMap":{"1":{"name":"(anonymous_1)","line":12,"loc":{"start":{"line":12,"column":1},"end":{"line":12,"column":13}}},"2":{"name":"(anonymous_2)","line":19,"loc":{"start":{"line":19,"column":5},"end":{"line":19,"column":17}}},"3":{"name":"(anonymous_3)","line":23,"loc":{"start":{"line":23,"column":24},"end":{"line":23,"column":36}}}},"statementMap":{"1":{"start":{"line":12,"column":0},"end":{"line":53,"column":5}},"2":{"start":{"line":14,"column":4},"end":{"line":14,"column":14}},"3":{"start":{"line":19,"column":4},"end":{"line":52,"column":9}},"4":{"start":{"line":21,"column":8},"end":{"line":21,"column":19}},"5":{"start":{"line":23,"column":8},"end":{"line":35,"column":13}},"6":{"start":{"line":24,"column":12},"end":{"line":34,"column":13}},"7":{"start":{"line":25,"column":16},"end":{"line":28,"column":30}},"8":{"start":{"line":30,"column":16},"end":{"line":33,"column":27}},"9":{"start":{"line":37,"column":8},"end":{"line":39,"column":21}},"10":{"start":{"line":41,"column":8},"end":{"line":41,"column":54}},"11":{"start":{"line":43,"column":8},"end":{"line":43,"column":61}},"12":{"start":{"line":45,"column":8},"end":{"line":51,"column":9}},"13":{"start":{"line":46,"column":12},"end":{"line":46,"column":67}},"14":{"start":{"line":48,"column":12},"end":{"line":48,"column":35}},"15":{"start":{"line":49,"column":12},"end":{"line":49,"column":49}},"16":{"start":{"line":50,"column":12},"end":{"line":50,"column":43}}},"branchMap":{"1":{"line":25,"type":"binary-expr","locations":[{"start":{"line":25,"column":23},"end":{"line":25,"column":62}},{"start":{"line":26,"column":20},"end":{"line":26,"column":70}},{"start":{"line":27,"column":20},"end":{"line":27,"column":71}},{"start":{"line":28,"column":20},"end":{"line":28,"column":29}}]},"2":{"line":30,"type":"binary-expr","locations":[{"start":{"line":30,"column":23},"end":{"line":30,"column":37}},{"start":{"line":31,"column":20},"end":{"line":31,"column":61}},{"start":{"line":32,"column":20},"end":{"line":32,"column":70}},{"start":{"line":33,"column":20},"end":{"line":33,"column":26}}]},"3":{"line":37,"type":"cond-expr","locations":[{"start":{"line":38,"column":14},"end":{"line":38,"column":20}},{"start":{"line":39,"column":14},"end":{"line":39,"column":20}}]},"4":{"line":41,"type":"binary-expr","locations":[{"start":{"line":41,"column":16},"end":{"line":41,"column":44}},{"start":{"line":41,"column":48},"end":{"line":41,"column":53}}]},"5":{"line":45,"type":"if","locations":[{"start":{"line":45,"column":8},"end":{"line":45,"column":8}},{"start":{"line":45,"column":8},"end":{"line":45,"column":8}}]}},"code":["/* istanbul instrument in package npmtest_schema_inspector */","/*jslint","    bitwise: true,","    browser: true,","    maxerr: 8,","    maxlen: 96,","    node: true,","    nomen: true,","    regexp: true,","    stupid: true","*/","(function () {","    'use strict';","    var local;","","","","    // run shared js-env code - pre-init","    (function () {","        // init local","        local = {};","        // init modeJs","        local.modeJs = (function () {","            try {","                return typeof navigator.userAgent === 'string' &&","                    typeof document.querySelector('body') === 'object' &&","                    typeof XMLHttpRequest.prototype.open === 'function' &&","                    'browser';","            } catch (errorCaughtBrowser) {","                return module.exports &&","                    typeof process.versions.node === 'string' &&","                    typeof require('http').createServer === 'function' &&","                    'node';","            }","        }());","        // init global","        local.global = local.modeJs === 'browser'","            ? window","            : global;","        // init utility2_rollup","        local = local.global.utility2_rollup || local;","        // init lib","        local.local = local.npmtest_schema_inspector = local;","        // init exports","        if (local.modeJs === 'browser') {","            local.global.utility2_npmtest_schema_inspector = local;","        } else {","            module.exports = local;","            module.exports.__dirname = __dirname;","            module.exports.module = module;","        }","    }());","}());",""],"l":{"12":2,"14":2,"19":2,"21":2,"23":2,"24":2,"25":2,"30":1,"37":2,"41":2,"43":2,"45":2,"46":1,"48":1,"49":1,"50":1}},"/home/travis/build/npmtest/node-npmtest-schema-inspector/example.js":{"path":"/home/travis/build/npmtest/node-npmtest-schema-inspector/example.js","s":{"1":2,"2":2,"3":2,"4":2,"5":2,"6":2,"7":2,"8":1,"9":2,"10":2,"11":2,"12":2,"13":1,"14":2,"15":2,"16":2,"17":2,"18":2,"19":0,"20":2,"21":1,"22":1,"23":1,"24":1,"25":1,"26":0,"27":0,"28":1,"29":1,"30":2,"31":0,"32":0,"33":0,"34":1,"35":2,"36":2,"37":3,"38":3,"39":3,"40":3,"41":0,"42":3,"43":3,"44":3,"45":1,"46":3,"47":1,"48":1,"49":1,"50":1,"51":1,"52":1,"53":1,"54":1,"55":1,"56":1,"57":0,"58":1,"59":6,"60":6,"61":1,"62":2,"63":0,"64":2,"65":1,"66":1,"67":0,"68":0,"69":0,"70":0,"71":0,"72":0,"73":0,"74":0,"75":0,"76":0,"77":0,"78":0,"79":0,"80":0,"81":0,"82":0,"83":0},"b":{"1":[2,1,1,1],"2":[1,1,1,1],"3":[1,1],"4":[2,2],"5":[1,1],"6":[1,1],"7":[2,0],"8":[2,1,1,1,1,1],"9":[0,2,0],"10":[1,1],"11":[2,1,1],"12":[1,0],"13":[0,2],"14":[2,0,0,0,0,0,0],"15":[0,3],"16":[3,0],"17":[1,1],"18":[0,1],"19":[1,2,0,2],"20":[1,0],"21":[1,1],"22":[0,0],"23":[0,0],"24":[0,0],"25":[0,0],"26":[0,0],"27":[0,0],"28":[0,0]},"f":{"1":2,"2":2,"3":2,"4":2,"5":2,"6":2,"7":3,"8":3,"9":3,"10":1,"11":6,"12":0},"fnMap":{"1":{"name":"(anonymous_1)","line":26,"loc":{"start":{"line":26,"column":1},"end":{"line":26,"column":13}}},"2":{"name":"(anonymous_2)","line":33,"loc":{"start":{"line":33,"column":5},"end":{"line":33,"column":17}}},"3":{"name":"(anonymous_3)","line":37,"loc":{"start":{"line":37,"column":24},"end":{"line":37,"column":36}}},"4":{"name":"(anonymous_4)","line":69,"loc":{"start":{"line":69,"column":31},"end":{"line":69,"column":48}},"skip":true},"5":{"name":"(anonymous_5)","line":78,"loc":{"start":{"line":78,"column":26},"end":{"line":78,"column":45}},"skip":true},"6":{"name":"(anonymous_6)","line":123,"loc":{"start":{"line":123,"column":33},"end":{"line":123,"column":48}},"skip":true},"7":{"name":"(anonymous_7)","line":125,"loc":{"start":{"line":125,"column":27},"end":{"line":125,"column":39}},"skip":true},"8":{"name":"(anonymous_8)","line":133,"loc":{"start":{"line":133,"column":59},"end":{"line":133,"column":74}},"skip":true},"9":{"name":"(anonymous_9)","line":143,"loc":{"start":{"line":143,"column":45},"end":{"line":143,"column":62}},"skip":true},"10":{"name":"(anonymous_10)","line":144,"loc":{"start":{"line":144,"column":73},"end":{"line":144,"column":92}},"skip":true},"11":{"name":"(anonymous_11)","line":272,"loc":{"start":{"line":272,"column":51},"end":{"line":272,"column":77}},"skip":true},"12":{"name":"(anonymous_12)","line":315,"loc":{"start":{"line":315,"column":32},"end":{"line":315,"column":61}},"skip":true}},"statementMap":{"1":{"start":{"line":26,"column":0},"end":{"line":326,"column":5}},"2":{"start":{"line":28,"column":4},"end":{"line":28,"column":14}},"3":{"start":{"line":33,"column":4},"end":{"line":60,"column":9}},"4":{"start":{"line":35,"column":8},"end":{"line":35,"column":19}},"5":{"start":{"line":37,"column":8},"end":{"line":49,"column":13}},"6":{"start":{"line":38,"column":12},"end":{"line":48,"column":13}},"7":{"start":{"line":39,"column":16},"end":{"line":42,"column":30}},"8":{"start":{"line":44,"column":16},"end":{"line":47,"column":27}},"9":{"start":{"line":51,"column":8},"end":{"line":53,"column":21}},"10":{"start":{"line":55,"column":8},"end":{"line":57,"column":45}},"11":{"start":{"line":59,"column":8},"end":{"line":59,"column":35}},"12":{"start":{"line":61,"column":4},"end":{"line":325,"column":5}},"13":{"start":{"line":69,"column":8},"end":{"line":121,"column":10},"skip":true},"14":{"start":{"line":70,"column":12},"end":{"line":88,"column":13},"skip":true},"15":{"start":{"line":76,"column":16},"end":{"line":87,"column":19},"skip":true},"16":{"start":{"line":79,"column":20},"end":{"line":86,"column":21},"skip":true},"17":{"start":{"line":82,"column":24},"end":{"line":82,"column":43},"skip":true},"18":{"start":{"line":83,"column":24},"end":{"line":83,"column":30},"skip":true},"19":{"start":{"line":85,"column":24},"end":{"line":85,"column":49},"skip":true},"20":{"start":{"line":89,"column":12},"end":{"line":107,"column":13},"skip":true},"21":{"start":{"line":92,"column":16},"end":{"line":102,"column":17},"skip":true},"22":{"start":{"line":93,"column":20},"end":{"line":93,"column":86},"skip":true},"23":{"start":{"line":94,"column":20},"end":{"line":95,"column":45},"skip":true},"24":{"start":{"line":96,"column":20},"end":{"line":96,"column":42},"skip":true},"25":{"start":{"line":97,"column":20},"end":{"line":97,"column":48},"skip":true},"26":{"start":{"line":100,"column":20},"end":{"line":100,"column":85},"skip":true},"27":{"start":{"line":101,"column":20},"end":{"line":101,"column":96},"skip":true},"28":{"start":{"line":103,"column":16},"end":{"line":103,"column":22},"skip":true},"29":{"start":{"line":106,"column":16},"end":{"line":106,"column":22},"skip":true},"30":{"start":{"line":108,"column":12},"end":{"line":120,"column":13},"skip":true},"31":{"start":{"line":114,"column":16},"end":{"line":119,"column":17},"skip":true},"32":{"start":{"line":116,"column":20},"end":{"line":116,"column":78},"skip":true},"33":{"start":{"line":118,"column":20},"end":{"line":118,"column":47},"skip":true},"34":{"start":{"line":123,"column":8},"end":{"line":141,"column":11},"skip":true},"35":{"start":{"line":124,"column":12},"end":{"line":124,"column":54},"skip":true},"36":{"start":{"line":125,"column":12},"end":{"line":140,"column":14},"skip":true},"37":{"start":{"line":126,"column":16},"end":{"line":126,"column":28},"skip":true},"38":{"start":{"line":127,"column":16},"end":{"line":127,"column":69},"skip":true},"39":{"start":{"line":128,"column":16},"end":{"line":128,"column":75},"skip":true},"40":{"start":{"line":129,"column":16},"end":{"line":131,"column":17},"skip":true},"41":{"start":{"line":130,"column":20},"end":{"line":130,"column":27},"skip":true},"42":{"start":{"line":133,"column":16},"end":{"line":137,"column":36},"skip":true},"43":{"start":{"line":134,"column":20},"end":{"line":136,"column":55},"skip":true},"44":{"start":{"line":139,"column":16},"end":{"line":139,"column":57},"skip":true},"45":{"start":{"line":143,"column":8},"end":{"line":147,"column":11},"skip":true},"46":{"start":{"line":144,"column":12},"end":{"line":146,"column":15},"skip":true},"47":{"start":{"line":145,"column":16},"end":{"line":145,"column":70},"skip":true},"48":{"start":{"line":149,"column":8},"end":{"line":149,"column":31},"skip":true},"49":{"start":{"line":150,"column":8},"end":{"line":150,"column":14},"skip":true},"50":{"start":{"line":158,"column":8},"end":{"line":158,"column":31},"skip":true},"51":{"start":{"line":160,"column":8},"end":{"line":160,"column":33},"skip":true},"52":{"start":{"line":161,"column":8},"end":{"line":161,"column":37},"skip":true},"53":{"start":{"line":162,"column":8},"end":{"line":162,"column":35},"skip":true},"54":{"start":{"line":164,"column":8},"end":{"line":164,"column":50},"skip":true},"55":{"start":{"line":166,"column":8},"end":{"line":256,"column":2},"skip":true},"56":{"start":{"line":258,"column":8},"end":{"line":286,"column":9},"skip":true},"57":{"start":{"line":259,"column":12},"end":{"line":269,"column":14},"skip":true},"58":{"start":{"line":271,"column":12},"end":{"line":285,"column":19},"skip":true},"59":{"start":{"line":274,"column":20},"end":{"line":274,"column":35},"skip":true},"60":{"start":{"line":275,"column":20},"end":{"line":284,"column":21},"skip":true},"61":{"start":{"line":277,"column":24},"end":{"line":277,"column":64},"skip":true},"62":{"start":{"line":279,"column":24},"end":{"line":279,"column":40},"skip":true},"63":{"start":{"line":281,"column":24},"end":{"line":281,"column":40},"skip":true},"64":{"start":{"line":283,"column":24},"end":{"line":283,"column":39},"skip":true},"65":{"start":{"line":288,"column":8},"end":{"line":290,"column":9},"skip":true},"66":{"start":{"line":289,"column":12},"end":{"line":289,"column":18},"skip":true},"67":{"start":{"line":291,"column":8},"end":{"line":293,"column":54},"skip":true},"68":{"start":{"line":296,"column":8},"end":{"line":301,"column":37},"skip":true},"69":{"start":{"line":303,"column":8},"end":{"line":303,"column":82},"skip":true},"70":{"start":{"line":306,"column":8},"end":{"line":308,"column":9},"skip":true},"71":{"start":{"line":307,"column":12},"end":{"line":307,"column":82},"skip":true},"72":{"start":{"line":310,"column":8},"end":{"line":312,"column":9},"skip":true},"73":{"start":{"line":311,"column":12},"end":{"line":311,"column":18},"skip":true},"74":{"start":{"line":313,"column":8},"end":{"line":313,"column":54},"skip":true},"75":{"start":{"line":314,"column":8},"end":{"line":314,"column":69},"skip":true},"76":{"start":{"line":315,"column":8},"end":{"line":323,"column":36},"skip":true},"77":{"start":{"line":316,"column":12},"end":{"line":316,"column":61},"skip":true},"78":{"start":{"line":317,"column":12},"end":{"line":320,"column":13},"skip":true},"79":{"start":{"line":318,"column":16},"end":{"line":318,"column":75},"skip":true},"80":{"start":{"line":319,"column":16},"end":{"line":319,"column":23},"skip":true},"81":{"start":{"line":321,"column":12},"end":{"line":321,"column":38},"skip":true},"82":{"start":{"line":322,"column":12},"end":{"line":322,"column":27},"skip":true},"83":{"start":{"line":324,"column":8},"end":{"line":324,"column":14},"skip":true}},"branchMap":{"1":{"line":39,"type":"binary-expr","locations":[{"start":{"line":39,"column":23},"end":{"line":39,"column":62}},{"start":{"line":40,"column":20},"end":{"line":40,"column":70}},{"start":{"line":41,"column":20},"end":{"line":41,"column":71}},{"start":{"line":42,"column":20},"end":{"line":42,"column":29}}]},"2":{"line":44,"type":"binary-expr","locations":[{"start":{"line":44,"column":23},"end":{"line":44,"column":37}},{"start":{"line":45,"column":20},"end":{"line":45,"column":61}},{"start":{"line":46,"column":20},"end":{"line":46,"column":70}},{"start":{"line":47,"column":20},"end":{"line":47,"column":26}}]},"3":{"line":51,"type":"cond-expr","locations":[{"start":{"line":52,"column":14},"end":{"line":52,"column":20}},{"start":{"line":53,"column":14},"end":{"line":53,"column":20}}]},"4":{"line":55,"type":"binary-expr","locations":[{"start":{"line":55,"column":16},"end":{"line":55,"column":44}},{"start":{"line":55,"column":49},"end":{"line":57,"column":43}}]},"5":{"line":55,"type":"cond-expr","locations":[{"start":{"line":56,"column":14},"end":{"line":56,"column":60}},{"start":{"line":57,"column":14},"end":{"line":57,"column":43}}]},"6":{"line":61,"type":"switch","locations":[{"start":{"line":68,"column":4},"end":{"line":150,"column":14},"skip":true},{"start":{"line":156,"column":4},"end":{"line":324,"column":14},"skip":true}]},"7":{"line":70,"type":"if","locations":[{"start":{"line":70,"column":12},"end":{"line":70,"column":12},"skip":true},{"start":{"line":70,"column":12},"end":{"line":70,"column":12},"skip":true}]},"8":{"line":70,"type":"binary-expr","locations":[{"start":{"line":70,"column":16},"end":{"line":70,"column":22},"skip":true},{"start":{"line":70,"column":27},"end":{"line":70,"column":32},"skip":true},{"start":{"line":71,"column":20},"end":{"line":71,"column":39},"skip":true},{"start":{"line":72,"column":20},"end":{"line":72,"column":49},"skip":true},{"start":{"line":73,"column":20},"end":{"line":73,"column":58},"skip":true},{"start":{"line":74,"column":20},"end":{"line":74,"column":69},"skip":true}]},"9":{"line":79,"type":"switch","locations":[{"start":{"line":80,"column":20},"end":{"line":80,"column":33},"skip":true},{"start":{"line":81,"column":20},"end":{"line":83,"column":30},"skip":true},{"start":{"line":84,"column":20},"end":{"line":85,"column":49},"skip":true}]},"10":{"line":89,"type":"switch","locations":[{"start":{"line":90,"column":12},"end":{"line":103,"column":22},"skip":true},{"start":{"line":105,"column":12},"end":{"line":106,"column":22},"skip":true}]},"11":{"line":89,"type":"binary-expr","locations":[{"start":{"line":89,"column":20},"end":{"line":89,"column":25},"skip":true},{"start":{"line":89,"column":29},"end":{"line":89,"column":48},"skip":true},{"start":{"line":89,"column":52},"end":{"line":89,"column":74},"skip":true}]},"12":{"line":92,"type":"if","locations":[{"start":{"line":92,"column":16},"end":{"line":92,"column":16},"skip":true},{"start":{"line":92,"column":16},"end":{"line":92,"column":16},"skip":true}]},"13":{"line":108,"type":"if","locations":[{"start":{"line":108,"column":12},"end":{"line":108,"column":12},"skip":true},{"start":{"line":108,"column":12},"end":{"line":108,"column":12},"skip":true}]},"14":{"line":108,"type":"binary-expr","locations":[{"start":{"line":108,"column":16},"end":{"line":108,"column":61},"skip":true},{"start":{"line":108,"column":66},"end":{"line":108,"column":72},"skip":true},{"start":{"line":108,"column":77},"end":{"line":108,"column":82},"skip":true},{"start":{"line":109,"column":20},"end":{"line":109,"column":39},"skip":true},{"start":{"line":110,"column":20},"end":{"line":110,"column":49},"skip":true},{"start":{"line":111,"column":20},"end":{"line":111,"column":58},"skip":true},{"start":{"line":112,"column":20},"end":{"line":112,"column":68},"skip":true}]},"15":{"line":129,"type":"if","locations":[{"start":{"line":129,"column":16},"end":{"line":129,"column":16},"skip":true},{"start":{"line":129,"column":16},"end":{"line":129,"column":16},"skip":true}]},"16":{"line":134,"type":"cond-expr","locations":[{"start":{"line":135,"column":26},"end":{"line":135,"column":29},"skip":true},{"start":{"line":136,"column":26},"end":{"line":136,"column":54},"skip":true}]},"17":{"line":164,"type":"binary-expr","locations":[{"start":{"line":164,"column":27},"end":{"line":164,"column":43},"skip":true},{"start":{"line":164,"column":47},"end":{"line":164,"column":49},"skip":true}]},"18":{"line":258,"type":"if","locations":[{"start":{"line":258,"column":8},"end":{"line":258,"column":8},"skip":true},{"start":{"line":258,"column":8},"end":{"line":258,"column":8},"skip":true}]},"19":{"line":275,"type":"switch","locations":[{"start":{"line":276,"column":20},"end":{"line":277,"column":64},"skip":true},{"start":{"line":278,"column":20},"end":{"line":279,"column":40},"skip":true},{"start":{"line":280,"column":20},"end":{"line":281,"column":40},"skip":true},{"start":{"line":282,"column":20},"end":{"line":283,"column":39},"skip":true}]},"20":{"line":288,"type":"if","locations":[{"start":{"line":288,"column":8},"end":{"line":288,"column":8},"skip":true},{"start":{"line":288,"column":8},"end":{"line":288,"column":8},"skip":true}]},"21":{"line":288,"type":"binary-expr","locations":[{"start":{"line":288,"column":12},"end":{"line":288,"column":40},"skip":true},{"start":{"line":288,"column":44},"end":{"line":288,"column":67},"skip":true}]},"22":{"line":292,"type":"binary-expr","locations":[{"start":{"line":292,"column":12},"end":{"line":292,"column":50},"skip":true},{"start":{"line":293,"column":12},"end":{"line":293,"column":53},"skip":true}]},"23":{"line":297,"type":"binary-expr","locations":[{"start":{"line":297,"column":12},"end":{"line":297,"column":74},"skip":true},{"start":{"line":298,"column":12},"end":{"line":301,"column":36},"skip":true}]},"24":{"line":303,"type":"binary-expr","locations":[{"start":{"line":303,"column":43},"end":{"line":303,"column":75},"skip":true},{"start":{"line":303,"column":79},"end":{"line":303,"column":81},"skip":true}]},"25":{"line":306,"type":"if","locations":[{"start":{"line":306,"column":8},"end":{"line":306,"column":8},"skip":true},{"start":{"line":306,"column":8},"end":{"line":306,"column":8},"skip":true}]},"26":{"line":310,"type":"if","locations":[{"start":{"line":310,"column":8},"end":{"line":310,"column":8},"skip":true},{"start":{"line":310,"column":8},"end":{"line":310,"column":8},"skip":true}]},"27":{"line":313,"type":"binary-expr","locations":[{"start":{"line":313,"column":27},"end":{"line":313,"column":43},"skip":true},{"start":{"line":313,"column":47},"end":{"line":313,"column":53},"skip":true}]},"28":{"line":317,"type":"if","locations":[{"start":{"line":317,"column":12},"end":{"line":317,"column":12},"skip":true},{"start":{"line":317,"column":12},"end":{"line":317,"column":12},"skip":true}]}},"code":["/*","example.js","","quickstart example","","instruction","    1. save this script as example.js","    2. run the shell command:","        $ npm install npmtest-schema-inspector && PORT=8081 node example.js","    3. play with the browser-demo on http://127.0.0.1:8081","*/","","","","/* istanbul instrument in package npmtest_schema_inspector */","/*jslint","    bitwise: true,","    browser: true,","    maxerr: 8,","    maxlen: 96,","    node: true,","    nomen: true,","    regexp: true,","    stupid: true","*/","(function () {","    'use strict';","    var local;","","","","    // run shared js-env code - pre-init","    (function () {","        // init local","        local = {};","        // init modeJs","        local.modeJs = (function () {","            try {","                return typeof navigator.userAgent === 'string' &&","                    typeof document.querySelector('body') === 'object' &&","                    typeof XMLHttpRequest.prototype.open === 'function' &&","                    'browser';","            } catch (errorCaughtBrowser) {","                return module.exports &&","                    typeof process.versions.node === 'string' &&","                    typeof require('http').createServer === 'function' &&","                    'node';","            }","        }());","        // init global","        local.global = local.modeJs === 'browser'","            ? window","            : global;","        // init utility2_rollup","        local = local.global.utility2_rollup || (local.modeJs === 'browser'","            ? local.global.utility2_npmtest_schema_inspector","            : global.utility2_moduleExports);","        // export local","        local.global.local = local;","    }());","    switch (local.modeJs) {","","","","    // post-init","    // run browser js-env code - post-init","    /* istanbul ignore next */","    case 'browser':","        local.testRunBrowser = function (event) {","            if (!event || (event &&","                    event.currentTarget &&","                    event.currentTarget.className &&","                    event.currentTarget.className.includes &&","                    event.currentTarget.className.includes('onreset'))) {","                // reset output","                Array.from(","                    document.querySelectorAll('body > .resettable')","                ).forEach(function (element) {","                    switch (element.tagName) {","                    case 'INPUT':","                    case 'TEXTAREA':","                        element.value = '';","                        break;","                    default:","                        element.textContent = '';","                    }","                });","            }","            switch (event && event.currentTarget && event.currentTarget.id) {","            case 'testRunButton1':","                // show tests","                if (document.querySelector('#testReportDiv1').style.display === 'none') {","                    document.querySelector('#testReportDiv1').style.display = 'block';","                    document.querySelector('#testRunButton1').textContent =","                        'hide internal test';","                    local.modeTest = true;","                    local.testRunDefault(local);","                // hide tests","                } else {","                    document.querySelector('#testReportDiv1').style.display = 'none';","                    document.querySelector('#testRunButton1').textContent = 'run internal test';","                }","                break;","            // custom-case","            default:","                break;","            }","            if (document.querySelector('#inputTextareaEval1') && (!event || (event &&","                    event.currentTarget &&","                    event.currentTarget.className &&","                    event.currentTarget.className.includes &&","                    event.currentTarget.className.includes('oneval')))) {","                // try to eval input-code","                try {","                    /*jslint evil: true*/","                    eval(document.querySelector('#inputTextareaEval1').value);","                } catch (errorCaught) {","                    console.error(errorCaught);","                }","            }","        };","        // log stderr and stdout to #outputTextareaStdout1","        ['error', 'log'].forEach(function (key) {","            console[key + '_original'] = console[key];","            console[key] = function () {","                var element;","                console[key + '_original'].apply(console, arguments);","                element = document.querySelector('#outputTextareaStdout1');","                if (!element) {","                    return;","                }","                // append text to #outputTextareaStdout1","                element.value += Array.from(arguments).map(function (arg) {","                    return typeof arg === 'string'","                        ? arg","                        : JSON.stringify(arg, null, 4);","                }).join(' ') + '\\n';","                // scroll textarea to bottom","                element.scrollTop = element.scrollHeight;","            };","        });","        // init event-handling","        ['change', 'click', 'keyup'].forEach(function (event) {","            Array.from(document.querySelectorAll('.on' + event)).forEach(function (element) {","                element.addEventListener(event, local.testRunBrowser);","            });","        });","        // run tests","        local.testRunBrowser();","        break;","","","","    // run node js-env code - post-init","    /* istanbul ignore next */","    case 'node':","        // export local","        module.exports = local;","        // require modules","        local.fs = require('fs');","        local.http = require('http');","        local.url = require('url');","        // init assets","        local.assetsDict = local.assetsDict || {};","        /* jslint-ignore-begin */","        local.assetsDict['/assets.index.template.html'] = '\\","<!doctype html>\\n\\","<html lang=\"en\">\\n\\","<head>\\n\\","<meta charset=\"UTF-8\">\\n\\","<meta name=\"viewport\" content=\"width=device-width, initial-scale=1\">\\n\\","<title>{{env.npm_package_name}} (v{{env.npm_package_version}})</title>\\n\\","<style>\\n\\","/*csslint\\n\\","    box-sizing: false,\\n\\","    universal-selector: false\\n\\","*/\\n\\","* {\\n\\","    box-sizing: border-box;\\n\\","}\\n\\","body {\\n\\","    background: #dde;\\n\\","    font-family: Arial, Helvetica, sans-serif;\\n\\","    margin: 2rem;\\n\\","}\\n\\","body > * {\\n\\","    margin-bottom: 1rem;\\n\\","}\\n\\",".utility2FooterDiv {\\n\\","    margin-top: 20px;\\n\\","    text-align: center;\\n\\","}\\n\\","</style>\\n\\","<style>\\n\\","/*csslint\\n\\","*/\\n\\","textarea {\\n\\","    font-family: monospace;\\n\\","    height: 10rem;\\n\\","    width: 100%;\\n\\","}\\n\\","textarea[readonly] {\\n\\","    background: #ddd;\\n\\","}\\n\\","</style>\\n\\","</head>\\n\\","<body>\\n\\","<!-- utility2-comment\\n\\","<div id=\"ajaxProgressDiv1\" style=\"background: #d00; height: 2px; left: 0; margin: 0; padding: 0; position: fixed; top: 0; transition: background 0.5s, width 1.5s; width: 25%;\"></div>\\n\\","utility2-comment -->\\n\\","<h1>\\n\\","<!-- utility2-comment\\n\\","    <a\\n\\","        {{#if env.npm_package_homepage}}\\n\\","        href=\"{{env.npm_package_homepage}}\"\\n\\","        {{/if env.npm_package_homepage}}\\n\\","        target=\"_blank\"\\n\\","    >\\n\\","utility2-comment -->\\n\\","        {{env.npm_package_name}} (v{{env.npm_package_version}})\\n\\","<!-- utility2-comment\\n\\","    </a>\\n\\","utility2-comment -->\\n\\","</h1>\\n\\","<h3>{{env.npm_package_description}}</h3>\\n\\","<!-- utility2-comment\\n\\","<h4><a download href=\"assets.app.js\">download standalone app</a></h4>\\n\\","<button class=\"onclick onreset\" id=\"testRunButton1\">run internal test</button><br>\\n\\","<div id=\"testReportDiv1\" style=\"display: none;\"></div>\\n\\","utility2-comment -->\\n\\","\\n\\","\\n\\","\\n\\","<label>stderr and stdout</label>\\n\\","<textarea class=\"resettable\" id=\"outputTextareaStdout1\" readonly></textarea>\\n\\","<!-- utility2-comment\\n\\","{{#if isRollup}}\\n\\","<script src=\"assets.app.js\"></script>\\n\\","{{#unless isRollup}}\\n\\","utility2-comment -->\\n\\","<script src=\"assets.utility2.rollup.js\"></script>\\n\\","<script src=\"jsonp.utility2._stateInit?callback=window.utility2._stateInit\"></script>\\n\\","<script src=\"assets.npmtest_schema_inspector.rollup.js\"></script>\\n\\","<script src=\"assets.example.js\"></script>\\n\\","<script src=\"assets.test.js\"></script>\\n\\","<!-- utility2-comment\\n\\","{{/if isRollup}}\\n\\","utility2-comment -->\\n\\","<div class=\"utility2FooterDiv\">\\n\\","    [ this app was created with\\n\\","    <a href=\"https://github.com/kaizhu256/node-utility2\" target=\"_blank\">utility2</a>\\n\\","    ]\\n\\","</div>\\n\\","</body>\\n\\","</html>\\n\\","';","        /* jslint-ignore-end */","        if (local.templateRender) {","            local.assetsDict['/'] = local.templateRender(","                local.assetsDict['/assets.index.template.html'],","                {","                    env: local.objectSetDefault(local.env, {","                        npm_package_description: 'the greatest app in the world!',","                        npm_package_name: 'my-app',","                        npm_package_nameAlias: 'my_app',","                        npm_package_version: '0.0.1'","                    })","                }","            );","        } else {","            local.assetsDict['/'] = local.assetsDict['/assets.index.template.html']","                .replace((/\\{\\{env\\.(\\w+?)\\}\\}/g), function (match0, match1) {","                    // jslint-hack","                    String(match0);","                    switch (match1) {","                    case 'npm_package_description':","                        return 'the greatest app in the world!';","                    case 'npm_package_name':","                        return 'my-app';","                    case 'npm_package_nameAlias':","                        return 'my_app';","                    case 'npm_package_version':","                        return '0.0.1';","                    }","                });","        }","        // run the cli","        if (local.global.utility2_rollup || module !== require.main) {","            break;","        }","        local.assetsDict['/assets.example.js'] =","            local.assetsDict['/assets.example.js'] ||","            local.fs.readFileSync(__filename, 'utf8');","        // bug-workaround - long $npm_package_buildCustomOrg","        /* jslint-ignore-begin */","        local.assetsDict['/assets.npmtest_schema_inspector.rollup.js'] =","            local.assetsDict['/assets.npmtest_schema_inspector.rollup.js'] ||","            local.fs.readFileSync(","                local.npmtest_schema_inspector.__dirname + '/lib.npmtest_schema_inspector.js',","                'utf8'","            ).replace((/^#!/), '//');","        /* jslint-ignore-end */","        local.assetsDict['/favicon.ico'] = local.assetsDict['/favicon.ico'] || '';","        // if $npm_config_timeout_exit exists,","        // then exit this process after $npm_config_timeout_exit ms","        if (Number(process.env.npm_config_timeout_exit)) {","            setTimeout(process.exit, Number(process.env.npm_config_timeout_exit));","        }","        // start server","        if (local.global.utility2_serverHttp1) {","            break;","        }","        process.env.PORT = process.env.PORT || '8081';","        console.error('server starting on port ' + process.env.PORT);","        local.http.createServer(function (request, response) {","            request.urlParsed = local.url.parse(request.url);","            if (local.assetsDict[request.urlParsed.pathname] !== undefined) {","                response.end(local.assetsDict[request.urlParsed.pathname]);","                return;","            }","            response.statusCode = 404;","            response.end();","        }).listen(process.env.PORT);","        break;","    }","}());",""],"l":{"26":2,"28":2,"33":2,"35":2,"37":2,"38":2,"39":2,"44":1,"51":2,"55":2,"59":2,"61":2,"69":1,"70":2,"76":2,"79":2,"82":2,"83":2,"85":1,"89":2,"92":1,"93":1,"94":1,"96":1,"97":1,"100":1,"101":1,"103":1,"106":1,"108":2,"114":1,"116":1,"118":1,"123":1,"124":2,"125":2,"126":3,"127":3,"128":3,"129":3,"130":1,"133":3,"134":3,"139":3,"143":1,"144":3,"145":1,"149":1,"150":1,"158":1,"160":1,"161":1,"162":1,"164":1,"166":1,"258":1,"259":1,"271":1,"274":6,"275":6,"277":1,"279":2,"281":1,"283":2,"288":1,"289":1,"291":1,"296":1,"303":1,"306":1,"307":1,"310":1,"311":1,"313":1,"314":1,"315":1,"316":1,"317":1,"318":1,"319":1,"321":1,"322":1,"324":1}},"/home/travis/build/npmtest/node-npmtest-schema-inspector/node_modules/schema-inspector/index.js":{"path":"/home/travis/build/npmtest/node-npmtest-schema-inspector/node_modules/schema-inspector/index.js","s":{"1":1},"b":{},"f":{},"fnMap":{},"statementMap":{"1":{"start":{"line":1,"column":0},"end":{"line":1,"column":51}}},"branchMap":{},"code":["module.exports = require('./lib/schema-inspector');",""],"l":{"1":1}},"/home/travis/build/npmtest/node-npmtest-schema-inspector/node_modules/schema-inspector/lib/schema-inspector.js":{"path":"/home/travis/build/npmtest/node-npmtest-schema-inspector/node_modules/schema-inspector/lib/schema-inspector.js","s":{"1":1,"2":1,"3":1,"4":1,"5":0,"6":1,"7":1,"8":10,"9":0,"10":10,"11":10,"12":10,"13":56,"14":10,"15":1,"16":4,"17":4,"18":4,"19":4,"20":4,"21":8,"22":4,"23":4,"24":4,"25":7,"26":4,"27":1,"28":2,"29":2,"30":3,"31":2,"32":0,"33":2,"34":0,"35":0,"36":0,"37":0,"38":1,"39":4,"40":4,"41":4,"42":4,"43":4,"44":7,"45":7,"46":4,"47":0,"48":4,"49":5,"50":9,"51":4,"52":3,"53":3,"54":4,"55":10,"56":10,"57":4,"58":13,"59":13,"60":1,"61":3,"62":5,"63":7,"64":1,"65":0,"66":0,"67":0,"68":3,"69":2,"70":19,"71":0,"72":1,"73":22,"74":0,"75":22,"76":22,"77":1,"78":3,"79":6,"80":3,"81":3,"82":0,"83":1,"84":0,"85":0,"86":0,"87":0,"88":0,"89":0,"90":1,"91":1,"92":17,"93":17,"94":0,"95":17,"96":0,"97":16,"98":0,"99":16,"100":16,"101":16,"102":16,"103":3,"104":3,"105":3,"106":0,"107":0,"108":0,"109":0,"110":0,"111":0,"112":0,"113":0,"114":0,"115":0,"116":0,"117":0,"118":0,"119":0,"120":0,"121":0,"122":0,"123":0,"124":0,"125":0,"126":0,"127":0,"128":0,"129":0,"130":0,"131":0,"132":0,"133":0,"134":0,"135":2,"136":0,"137":2,"138":2,"139":0,"140":2,"141":0,"142":0,"143":0,"144":0,"145":0,"146":0,"147":0,"148":0,"149":0,"150":0,"151":0,"152":0,"153":0,"154":0,"155":0,"156":0,"157":0,"158":0,"159":0,"160":0,"161":1,"162":1,"163":1,"164":0,"165":0,"166":1,"167":1,"168":1,"169":0,"170":0,"171":0,"172":0,"173":0,"174":0,"175":0,"176":0,"177":0,"178":0,"179":0,"180":0,"181":0,"182":0,"183":0,"184":0,"185":0,"186":0,"187":0,"188":0,"189":0,"190":0,"191":0,"192":0,"193":0,"194":0,"195":0,"196":0,"197":0,"198":0,"199":0,"200":0,"201":0,"202":0,"203":0,"204":0,"205":0,"206":0,"207":0,"208":0,"209":0,"210":0,"211":0,"212":0,"213":0,"214":0,"215":0,"216":0,"217":0,"218":0,"219":0,"220":0,"221":0,"222":0,"223":0,"224":0,"225":0,"226":0,"227":1,"228":0,"229":1,"230":0,"231":1,"232":1,"233":0,"234":0,"235":0,"236":0,"237":0,"238":0,"239":1,"240":3,"241":0,"242":3,"243":3,"244":3,"245":2,"246":1,"247":1,"248":0,"249":1,"250":1,"251":1,"252":0,"253":0,"254":0,"255":0,"256":1,"257":3,"258":3,"259":3,"260":3,"261":1,"262":0,"263":0,"264":0,"265":0,"266":0,"267":0,"268":0,"269":0,"270":0,"271":0,"272":0,"273":0,"274":0,"275":0,"276":0,"277":0,"278":0,"279":0,"280":0,"281":0,"282":0,"283":0,"284":0,"285":0,"286":0,"287":0,"288":0,"289":0,"290":1,"291":0,"292":1,"293":1,"294":1,"295":1,"296":0,"297":0,"298":0,"299":0,"300":0,"301":0,"302":1,"303":7,"304":7,"305":7,"306":7,"307":1,"308":4,"309":4,"310":4,"311":4,"312":4,"313":4,"314":5,"315":5,"316":5,"317":4,"318":4,"319":4,"320":0,"321":4,"322":5,"323":1,"324":1,"325":1,"326":1,"327":4,"328":4,"329":1,"330":1,"331":1,"332":1,"333":1,"334":3,"335":1,"336":9,"337":9,"338":9,"339":9,"340":171,"341":23,"342":9,"343":13,"344":4,"345":9,"346":1,"347":8,"348":8,"349":8,"350":8,"351":8,"352":8,"353":152,"354":152,"355":17,"356":1,"357":16,"358":151,"359":8,"360":24,"361":24,"362":7,"363":7,"364":0,"365":17,"366":1,"367":0,"368":0,"369":0,"370":0,"371":0,"372":0,"373":0,"374":0,"375":0,"376":0,"377":0,"378":0,"379":0,"380":0,"381":0,"382":0,"383":0,"384":0,"385":0,"386":0,"387":0,"388":0,"389":0,"390":0,"391":0,"392":0,"393":0,"394":0,"395":0,"396":0,"397":0,"398":0,"399":0,"400":0,"401":0,"402":0,"403":0,"404":0,"405":0,"406":0,"407":0,"408":0,"409":0,"410":0,"411":0,"412":0,"413":0,"414":0,"415":0,"416":0,"417":0,"418":0,"419":0,"420":0,"421":0,"422":0,"423":0,"424":0,"425":0,"426":0,"427":0,"428":0,"429":0,"430":0,"431":0,"432":0,"433":0,"434":0,"435":0,"436":0,"437":0,"438":0,"439":0,"440":0,"441":0,"442":0,"443":1,"444":0,"445":0,"446":0,"447":0,"448":0,"449":0,"450":0,"451":1,"452":0,"453":0,"454":0,"455":0,"456":0,"457":0,"458":0,"459":0,"460":0,"461":0,"462":0,"463":0,"464":0,"465":0,"466":0,"467":0,"468":0,"469":0,"470":0,"471":0,"472":0,"473":0,"474":0,"475":0,"476":0,"477":0,"478":0,"479":0,"480":0,"481":0,"482":0,"483":0,"484":0,"485":0,"486":0,"487":0,"488":0,"489":0,"490":0,"491":0,"492":0,"493":0,"494":0,"495":0,"496":0,"497":0,"498":0,"499":0,"500":0,"501":0,"502":0,"503":0,"504":0,"505":0,"506":0,"507":0,"508":0,"509":0,"510":0,"511":0,"512":0,"513":0,"514":0,"515":0,"516":0,"517":0,"518":0,"519":0,"520":0,"521":0,"522":0,"523":0,"524":0,"525":0,"526":0,"527":0,"528":0,"529":0,"530":0,"531":0,"532":0,"533":0,"534":0,"535":0,"536":0,"537":0,"538":0,"539":0,"540":0,"541":0,"542":0,"543":0,"544":0,"545":0,"546":0,"547":0,"548":0,"549":0,"550":0,"551":0,"552":0,"553":0,"554":0,"555":0,"556":0,"557":0,"558":0,"559":0,"560":0,"561":0,"562":0,"563":0,"564":0,"565":0,"566":0,"567":0,"568":0,"569":0,"570":0,"571":0,"572":0,"573":0,"574":0,"575":0,"576":0,"577":0,"578":0,"579":0,"580":0,"581":0,"582":0,"583":0,"584":0,"585":1,"586":0,"587":0,"588":0,"589":0,"590":0,"591":0,"592":0,"593":0,"594":0,"595":0,"596":0,"597":0,"598":0,"599":0,"600":0,"601":0,"602":0,"603":0,"604":0,"605":0,"606":0,"607":0,"608":0,"609":0,"610":0,"611":0,"612":0,"613":0,"614":0,"615":0,"616":0,"617":0,"618":0,"619":0,"620":0,"621":0,"622":0,"623":0,"624":0,"625":0,"626":0,"627":0,"628":0,"629":0,"630":0,"631":0,"632":0,"633":0,"634":0,"635":0,"636":0,"637":0,"638":0,"639":0,"640":0,"641":0,"642":0,"643":0,"644":0,"645":0,"646":0,"647":0,"648":0,"649":0,"650":0,"651":0,"652":0,"653":0,"654":1,"655":0,"656":0,"657":0,"658":0,"659":0,"660":0,"661":0,"662":0,"663":0,"664":0,"665":0,"666":0,"667":0,"668":0,"669":1,"670":1,"671":1,"672":1,"673":0,"674":0,"675":0,"676":0,"677":0,"678":0,"679":0,"680":0,"681":0,"682":1,"683":0,"684":0,"685":0,"686":0,"687":0,"688":0,"689":0,"690":0,"691":1,"692":0,"693":0,"694":0,"695":0,"696":0,"697":0,"698":0,"699":0,"700":0,"701":0,"702":0,"703":0,"704":0,"705":0,"706":0,"707":0,"708":0,"709":1,"710":1,"711":1,"712":0,"713":0,"714":0,"715":0,"716":0,"717":1,"718":0,"719":0,"720":0,"721":0,"722":0,"723":0,"724":0,"725":0,"726":0,"727":0,"728":0,"729":0,"730":0,"731":0,"732":0,"733":0,"734":0,"735":0,"736":0,"737":0,"738":0,"739":0,"740":0,"741":0,"742":0,"743":0,"744":0,"745":0,"746":0,"747":0,"748":0,"749":0,"750":0,"751":0,"752":0,"753":0,"754":1,"755":0,"756":0,"757":0,"758":0,"759":0,"760":0,"761":0,"762":0,"763":0,"764":0,"765":0,"766":1,"767":0,"768":0,"769":0,"770":0,"771":0,"772":0,"773":0,"774":0,"775":0,"776":0,"777":0,"778":0,"779":0,"780":0,"781":0,"782":0,"783":0,"784":0,"785":0,"786":0,"787":0,"788":0,"789":0,"790":0,"791":0,"792":0,"793":0,"794":0,"795":0,"796":0,"797":0,"798":0,"799":0,"800":0,"801":0,"802":0,"803":0,"804":0,"805":0,"806":0,"807":0,"808":0,"809":0,"810":0,"811":0,"812":0,"813":0,"814":0,"815":0,"816":0,"817":0,"818":0,"819":0,"820":0,"821":0,"822":0,"823":0,"824":0,"825":0,"826":0,"827":0,"828":0,"829":0,"830":0,"831":0,"832":0,"833":0,"834":0,"835":0,"836":0,"837":0,"838":0,"839":0,"840":0,"841":0,"842":0,"843":0,"844":0,"845":0,"846":0,"847":0,"848":0,"849":0,"850":0,"851":0,"852":0,"853":1,"854":1,"855":1,"856":1,"857":0,"858":0,"859":0,"860":1,"861":0,"862":0,"863":0,"864":0,"865":1,"866":1,"867":1,"868":0,"869":1,"870":0,"871":1,"872":0,"873":1,"874":1,"875":1,"876":0,"877":0,"878":0,"879":0,"880":1,"881":4,"882":1,"883":1,"884":4,"885":1,"886":0,"887":0,"888":0,"889":0,"890":0,"891":0},"b":{"1":[1,0],"2":[0,1],"3":[0,10],"4":[10,10],"5":[4,4],"6":[8,4],"7":[0,0],"8":[4,0],"9":[7,0],"10":[3,0],"11":[7,6],"12":[1,0],"13":[0,0],"14":[3,3],"15":[2,2],"16":[19,19],"17":[0,22],"18":[22,0],"19":[3,3],"20":[3,0],"21":[0,17],"22":[0,17],"23":[0,17],"24":[0,16],"25":[16,16,0,0],"26":[0,16],"27":[3,13],"28":[0,3],"29":[0,0],"30":[0,0],"31":[0,0,0,0],"32":[0,0],"33":[0,0],"34":[0,0],"35":[0,0],"36":[0,0],"37":[0,0],"38":[0,0],"39":[0,0],"40":[0,0],"41":[0,0],"42":[0,0,0],"43":[0,2],"44":[2,0],"45":[0,2],"46":[0,2],"47":[0,0],"48":[0,0],"49":[0,0],"50":[0,0],"51":[0,0],"52":[0,0],"53":[0,0],"54":[0,0],"55":[0,0],"56":[0,0],"57":[0,0],"58":[1,0],"59":[1,0],"60":[0,0],"61":[1,0],"62":[1,0],"63":[0,0],"64":[0,0],"65":[0,0],"66":[0,0],"67":[0,0],"68":[0,0,0],"69":[0,0],"70":[0,0,0,0],"71":[0,0],"72":[0,0],"73":[0,0],"74":[0,0],"75":[0,0],"76":[0,0],"77":[0,0,0],"78":[0,0],"79":[0,0],"80":[0,0],"81":[0,0],"82":[0,0],"83":[0,0],"84":[0,0],"85":[0,0,0],"86":[0,0],"87":[0,0],"88":[0,0],"89":[0,0],"90":[0,0],"91":[0,0],"92":[0,1],"93":[0,1],"94":[1,1],"95":[0,1],"96":[0,0],"97":[0,3],"98":[1,1],"99":[0,1],"100":[1,1],"101":[0,1],"102":[1,0],"103":[3,0],"104":[0,0],"105":[0,0],"106":[0,0],"107":[0,0],"108":[0,0],"109":[0,0],"110":[0,0],"111":[0,0],"112":[0,1],"113":[1,1],"114":[0,1],"115":[1,0],"116":[5,5,5],"117":[5,2],"118":[5,5,0],"119":[0,5],"120":[0,4],"121":[1,3],"122":[9,9],"123":[9,9],"124":[9,9],"125":[23,148],"126":[171,157,23],"127":[4,9],"128":[13,4],"129":[8,8],"130":[8,8],"131":[8,8],"132":[17,135],"133":[152,143,17],"134":[1,16],"135":[7,17],"136":[24,7],"137":[7,0],"138":[0,0],"139":[0,0],"140":[0,0],"141":[0,0],"142":[0,0],"143":[0,0],"144":[0,0],"145":[0,0],"146":[0,0],"147":[0,0],"148":[0,0],"149":[0,0],"150":[0,0],"151":[0,0],"152":[0,0],"153":[0,0],"154":[0,0],"155":[0,0,0],"156":[0,0],"157":[0,0],"158":[0,0],"159":[0,0],"160":[0,0],"161":[0,0],"162":[0,0],"163":[0,0],"164":[0,0],"165":[0,0],"166":[0,0],"167":[0,0],"168":[0,0],"169":[0,0],"170":[0,0],"171":[0,0],"172":[0,0],"173":[0,0],"174":[0,0],"175":[0,0],"176":[0,0],"177":[0,0],"178":[0,0],"179":[0,0],"180":[0,0],"181":[0,0],"182":[0,0],"183":[0,0],"184":[0,0],"185":[0,0],"186":[0,0],"187":[0,0],"188":[0,0],"189":[0,0],"190":[0,0],"191":[0,0],"192":[0,0],"193":[0,0,0,0,0,0],"194":[0,0],"195":[0,0],"196":[0,0,0,0],"197":[0,0],"198":[0,0,0],"199":[0,0],"200":[0,0],"201":[0,0],"202":[0,0],"203":[0,0],"204":[0,0],"205":[0,0],"206":[0,0],"207":[0,0],"208":[0,0],"209":[0,0,0],"210":[0,0],"211":[0,0],"212":[0,0,0],"213":[0,0],"214":[0,0],"215":[0,0],"216":[0,0],"217":[0,0],"218":[0,0],"219":[0,0],"220":[0,0],"221":[0,0],"222":[0,0],"223":[0,0],"224":[0,0],"225":[0,0],"226":[0,0],"227":[0,0],"228":[0,0],"229":[0,0],"230":[0,0],"231":[0,0],"232":[0,0],"233":[0,0],"234":[0,0],"235":[0,0],"236":[0,0],"237":[0,0],"238":[0,0],"239":[0,0],"240":[0,0],"241":[0,0],"242":[0,0],"243":[0,0],"244":[0,0],"245":[0,0],"246":[0,0],"247":[0,0],"248":[0,0],"249":[0,0],"250":[0,0],"251":[0,0],"252":[0,0],"253":[0,0],"254":[0,0],"255":[0,0],"256":[0,0],"257":[0,0],"258":[0,0,0],"259":[0,0],"260":[0,0],"261":[0,0],"262":[0,0],"263":[0,0,0],"264":[0,0],"265":[0,0],"266":[0,0],"267":[0,0],"268":[0,0],"269":[0,0],"270":[0,0],"271":[0,0],"272":[0,0],"273":[0,0],"274":[0,0],"275":[0,0],"276":[0,0],"277":[0,0],"278":[0,0],"279":[0,0],"280":[0,0],"281":[0,0],"282":[0,0],"283":[0,0],"284":[0,0],"285":[0,0],"286":[0,0],"287":[0,0],"288":[0,0],"289":[0,0],"290":[0,0],"291":[0,0],"292":[0,0],"293":[0,0],"294":[0,0],"295":[0,0],"296":[0,0],"297":[0,0],"298":[0,0],"299":[0,0],"300":[0,0],"301":[0,0],"302":[0,0],"303":[0,0],"304":[0,0],"305":[0,0],"306":[0,0],"307":[0,0],"308":[0,0],"309":[0,0],"310":[0,0],"311":[0,0],"312":[1,0],"313":[1,1],"314":[0,0],"315":[0,0],"316":[1,3],"317":[4,1],"318":[0,0]},"f":{"1":1,"2":10,"3":4,"4":8,"5":2,"6":3,"7":0,"8":0,"9":0,"10":4,"11":0,"12":5,"13":9,"14":3,"15":10,"16":13,"17":3,"18":5,"19":7,"20":1,"21":0,"22":0,"23":0,"24":3,"25":2,"26":19,"27":0,"28":22,"29":3,"30":0,"31":17,"32":16,"33":16,"34":3,"35":0,"36":0,"37":0,"38":0,"39":2,"40":0,"41":0,"42":0,"43":1,"44":1,"45":0,"46":0,"47":0,"48":0,"49":0,"50":0,"51":0,"52":0,"53":0,"54":0,"55":0,"56":0,"57":1,"58":2,"59":0,"60":0,"61":0,"62":0,"63":0,"64":0,"65":0,"66":0,"67":0,"68":1,"69":0,"70":0,"71":7,"72":7,"73":4,"74":5,"75":4,"76":4,"77":5,"78":4,"79":1,"80":1,"81":9,"82":171,"83":13,"84":8,"85":8,"86":152,"87":152,"88":8,"89":24,"90":24,"91":0,"92":0,"93":0,"94":0,"95":0,"96":0,"97":0,"98":0,"99":0,"100":0,"101":0,"102":0,"103":0,"104":0,"105":0,"106":0,"107":0,"108":0,"109":0,"110":0,"111":0,"112":0,"113":0,"114":0,"115":0,"116":0,"117":0,"118":0,"119":0,"120":0,"121":0,"122":0,"123":0,"124":0,"125":0,"126":0,"127":0,"128":0,"129":0,"130":0,"131":0,"132":0,"133":0,"134":0,"135":0,"136":0,"137":0,"138":0,"139":0,"140":0,"141":0,"142":0,"143":0,"144":0,"145":0,"146":0,"147":0,"148":0,"149":0,"150":0,"151":0,"152":0,"153":0,"154":0,"155":0,"156":0,"157":0,"158":0,"159":0,"160":0,"161":0,"162":0,"163":0,"164":0,"165":0,"166":0,"167":0,"168":0,"169":0,"170":0,"171":0,"172":0,"173":0,"174":0,"175":0,"176":0,"177":0,"178":0,"179":0,"180":0,"181":0,"182":0,"183":0,"184":0,"185":0,"186":0,"187":0,"188":4,"189":0},"fnMap":{"1":{"name":"(anonymous_1)","line":6,"loc":{"start":{"line":6,"column":1},"end":{"line":6,"column":13}}},"2":{"name":"_extend","line":15,"loc":{"start":{"line":15,"column":1},"end":{"line":15,"column":31}}},"3":{"name":"_merge","line":27,"loc":{"start":{"line":27,"column":1},"end":{"line":27,"column":19}}},"4":{"name":"(anonymous_4)","line":33,"loc":{"start":{"line":33,"column":15},"end":{"line":33,"column":30}}},"5":{"name":"Customisable","line":51,"loc":{"start":{"line":51,"column":1},"end":{"line":51,"column":25}}},"6":{"name":"(anonymous_6)","line":54,"loc":{"start":{"line":54,"column":16},"end":{"line":54,"column":34}}},"7":{"name":"(anonymous_7)","line":58,"loc":{"start":{"line":58,"column":15},"end":{"line":58,"column":27}}},"8":{"name":"(anonymous_8)","line":62,"loc":{"start":{"line":62,"column":16},"end":{"line":62,"column":34}}},"9":{"name":"(anonymous_9)","line":66,"loc":{"start":{"line":66,"column":18},"end":{"line":66,"column":35}}},"10":{"name":"Inspection","line":76,"loc":{"start":{"line":76,"column":1},"end":{"line":76,"column":37}}},"11":{"name":"(anonymous_11)","line":89,"loc":{"start":{"line":89,"column":19},"end":{"line":89,"column":31}}},"12":{"name":"(anonymous_12)","line":93,"loc":{"start":{"line":93,"column":20},"end":{"line":93,"column":32}}},"13":{"name":"(anonymous_13)","line":94,"loc":{"start":{"line":94,"column":21},"end":{"line":94,"column":34}}},"14":{"name":"(anonymous_14)","line":98,"loc":{"start":{"line":98,"column":23},"end":{"line":98,"column":39}}},"15":{"name":"(anonymous_15)","line":103,"loc":{"start":{"line":103,"column":22},"end":{"line":103,"column":35}}},"16":{"name":"(anonymous_16)","line":108,"loc":{"start":{"line":108,"column":15},"end":{"line":108,"column":27}}},"17":{"name":"(anonymous_17)","line":116,"loc":{"start":{"line":116,"column":14},"end":{"line":116,"column":33}}},"18":{"name":"(anonymous_18)","line":119,"loc":{"start":{"line":119,"column":12},"end":{"line":119,"column":31}}},"19":{"name":"(anonymous_19)","line":122,"loc":{"start":{"line":122,"column":12},"end":{"line":122,"column":31}}},"20":{"name":"(anonymous_20)","line":125,"loc":{"start":{"line":125,"column":13},"end":{"line":125,"column":32}}},"21":{"name":"(anonymous_21)","line":128,"loc":{"start":{"line":128,"column":9},"end":{"line":128,"column":28}}},"22":{"name":"(anonymous_22)","line":131,"loc":{"start":{"line":131,"column":13},"end":{"line":131,"column":32}}},"23":{"name":"(anonymous_23)","line":134,"loc":{"start":{"line":134,"column":10},"end":{"line":134,"column":29}}},"24":{"name":"(anonymous_24)","line":137,"loc":{"start":{"line":137,"column":10},"end":{"line":137,"column":29}}},"25":{"name":"(anonymous_25)","line":140,"loc":{"start":{"line":140,"column":12},"end":{"line":140,"column":31}}},"26":{"name":"(anonymous_26)","line":143,"loc":{"start":{"line":143,"column":11},"end":{"line":143,"column":30}}},"27":{"name":"(anonymous_27)","line":146,"loc":{"start":{"line":146,"column":9},"end":{"line":146,"column":28}}},"28":{"name":"_simpleType","line":151,"loc":{"start":{"line":151,"column":1},"end":{"line":151,"column":39}}},"29":{"name":"_realType","line":159,"loc":{"start":{"line":159,"column":1},"end":{"line":159,"column":31}}},"30":{"name":"getIndexes","line":168,"loc":{"start":{"line":168,"column":1},"end":{"line":168,"column":31}}},"31":{"name":"(anonymous_31)","line":202,"loc":{"start":{"line":202,"column":12},"end":{"line":202,"column":41}}},"32":{"name":"(anonymous_32)","line":212,"loc":{"start":{"line":212,"column":8},"end":{"line":212,"column":37}}},"33":{"name":"(anonymous_33)","line":218,"loc":{"start":{"line":218,"column":32},"end":{"line":218,"column":48}}},"34":{"name":"(anonymous_34)","line":222,"loc":{"start":{"line":222,"column":22},"end":{"line":222,"column":35}}},"35":{"name":"(anonymous_35)","line":226,"loc":{"start":{"line":226,"column":14},"end":{"line":226,"column":43}}},"36":{"name":"(anonymous_36)","line":243,"loc":{"start":{"line":243,"column":11},"end":{"line":243,"column":40}}},"37":{"name":"(anonymous_37)","line":253,"loc":{"start":{"line":253,"column":18},"end":{"line":253,"column":35}}},"38":{"name":"(anonymous_38)","line":267,"loc":{"start":{"line":267,"column":13},"end":{"line":267,"column":42}}},"39":{"name":"(anonymous_39)","line":272,"loc":{"start":{"line":272,"column":13},"end":{"line":272,"column":42}}},"40":{"name":"(anonymous_40)","line":284,"loc":{"start":{"line":284,"column":13},"end":{"line":284,"column":42}}},"41":{"name":"(anonymous_41)","line":296,"loc":{"start":{"line":296,"column":15},"end":{"line":296,"column":44}}},"42":{"name":"(anonymous_42)","line":308,"loc":{"start":{"line":308,"column":6},"end":{"line":308,"column":35}}},"43":{"name":"(anonymous_43)","line":317,"loc":{"start":{"line":317,"column":7},"end":{"line":317,"column":36}}},"44":{"name":"(anonymous_44)","line":326,"loc":{"start":{"line":326,"column":6},"end":{"line":326,"column":35}}},"45":{"name":"(anonymous_45)","line":335,"loc":{"start":{"line":335,"column":7},"end":{"line":335,"column":36}}},"46":{"name":"(anonymous_46)","line":344,"loc":{"start":{"line":344,"column":6},"end":{"line":344,"column":35}}},"47":{"name":"(anonymous_47)","line":358,"loc":{"start":{"line":358,"column":49},"end":{"line":358,"column":62}}},"48":{"name":"(anonymous_48)","line":368,"loc":{"start":{"line":368,"column":6},"end":{"line":368,"column":35}}},"49":{"name":"(anonymous_49)","line":390,"loc":{"start":{"line":390,"column":12},"end":{"line":390,"column":40}}},"50":{"name":"(anonymous_50)","line":395,"loc":{"start":{"line":395,"column":26},"end":{"line":395,"column":44}}},"51":{"name":"(anonymous_51)","line":399,"loc":{"start":{"line":399,"column":54},"end":{"line":399,"column":67}}},"52":{"name":"(anonymous_52)","line":404,"loc":{"start":{"line":404,"column":10},"end":{"line":404,"column":39}}},"53":{"name":"(anonymous_53)","line":411,"loc":{"start":{"line":411,"column":49},"end":{"line":411,"column":64}}},"54":{"name":"(anonymous_54)","line":416,"loc":{"start":{"line":416,"column":26},"end":{"line":416,"column":39}}},"55":{"name":"(anonymous_55)","line":421,"loc":{"start":{"line":421,"column":8},"end":{"line":421,"column":47}}},"56":{"name":"(anonymous_56)","line":427,"loc":{"start":{"line":427,"column":70},"end":{"line":427,"column":86}}},"57":{"name":"(anonymous_57)","line":433,"loc":{"start":{"line":433,"column":14},"end":{"line":433,"column":53}}},"58":{"name":"(anonymous_58)","line":461,"loc":{"start":{"line":461,"column":9},"end":{"line":461,"column":48}}},"59":{"name":"(anonymous_59)","line":495,"loc":{"start":{"line":495,"column":13},"end":{"line":495,"column":52}}},"60":{"name":"(anonymous_60)","line":497,"loc":{"start":{"line":497,"column":78},"end":{"line":497,"column":100}}},"61":{"name":"(anonymous_61)","line":507,"loc":{"start":{"line":507,"column":19},"end":{"line":507,"column":58}}},"62":{"name":"(anonymous_62)","line":514,"loc":{"start":{"line":514,"column":4},"end":{"line":514,"column":20}}},"63":{"name":"(anonymous_63)","line":518,"loc":{"start":{"line":518,"column":46},"end":{"line":518,"column":65}}},"64":{"name":"(anonymous_64)","line":523,"loc":{"start":{"line":523,"column":57},"end":{"line":523,"column":72}}},"65":{"name":"(anonymous_65)","line":529,"loc":{"start":{"line":529,"column":4},"end":{"line":529,"column":20}}},"66":{"name":"(anonymous_66)","line":530,"loc":{"start":{"line":530,"column":47},"end":{"line":530,"column":66}}},"67":{"name":"(anonymous_67)","line":535,"loc":{"start":{"line":535,"column":55},"end":{"line":535,"column":70}}},"68":{"name":"(anonymous_68)","line":543,"loc":{"start":{"line":543,"column":14},"end":{"line":543,"column":53}}},"69":{"name":"(anonymous_69)","line":552,"loc":{"start":{"line":552,"column":36},"end":{"line":552,"column":55}}},"70":{"name":"(anonymous_70)","line":554,"loc":{"start":{"line":554,"column":49},"end":{"line":554,"column":69}}},"71":{"name":"(anonymous_71)","line":562,"loc":{"start":{"line":562,"column":45},"end":{"line":562,"column":66}}},"72":{"name":"(anonymous_72)","line":564,"loc":{"start":{"line":564,"column":48},"end":{"line":564,"column":68}}},"73":{"name":"Validation","line":576,"loc":{"start":{"line":576,"column":1},"end":{"line":576,"column":37}}},"74":{"name":"(anonymous_74)","line":584,"loc":{"start":{"line":584,"column":16},"end":{"line":584,"column":49}}},"75":{"name":"(anonymous_75)","line":595,"loc":{"start":{"line":595,"column":16},"end":{"line":595,"column":28}}},"76":{"name":"(anonymous_76)","line":599,"loc":{"start":{"line":599,"column":12},"end":{"line":599,"column":24}}},"77":{"name":"(anonymous_77)","line":603,"loc":{"start":{"line":603,"column":27},"end":{"line":603,"column":40}}},"78":{"name":"(anonymous_78)","line":615,"loc":{"start":{"line":615,"column":33},"end":{"line":615,"column":64}}},"79":{"name":"(anonymous_79)","line":619,"loc":{"start":{"line":619,"column":25},"end":{"line":619,"column":37}}},"80":{"name":"(anonymous_80)","line":620,"loc":{"start":{"line":620,"column":49},"end":{"line":620,"column":64}}},"81":{"name":"(anonymous_81)","line":629,"loc":{"start":{"line":629,"column":34},"end":{"line":629,"column":73}}},"82":{"name":"(anonymous_82)","line":633,"loc":{"start":{"line":633,"column":28},"end":{"line":633,"column":41}}},"83":{"name":"(anonymous_83)","line":638,"loc":{"start":{"line":638,"column":29},"end":{"line":638,"column":42}}},"84":{"name":"(anonymous_84)","line":646,"loc":{"start":{"line":646,"column":39},"end":{"line":646,"column":78}}},"85":{"name":"(anonymous_85)","line":653,"loc":{"start":{"line":653,"column":3},"end":{"line":653,"column":19}}},"86":{"name":"(anonymous_86)","line":654,"loc":{"start":{"line":654,"column":55},"end":{"line":654,"column":74}}},"87":{"name":"(anonymous_87)","line":655,"loc":{"start":{"line":655,"column":20},"end":{"line":655,"column":32}}},"88":{"name":"(anonymous_88)","line":666,"loc":{"start":{"line":666,"column":3},"end":{"line":666,"column":19}}},"89":{"name":"(anonymous_89)","line":667,"loc":{"start":{"line":667,"column":48},"end":{"line":667,"column":67}}},"90":{"name":"(anonymous_90)","line":668,"loc":{"start":{"line":668,"column":20},"end":{"line":668,"column":32}}},"91":{"name":"(anonymous_91)","line":685,"loc":{"start":{"line":685,"column":10},"end":{"line":685,"column":34}}},"92":{"name":"(anonymous_92)","line":706,"loc":{"start":{"line":706,"column":11},"end":{"line":706,"column":35}}},"93":{"name":"(anonymous_93)","line":734,"loc":{"start":{"line":734,"column":10},"end":{"line":734,"column":34}}},"94":{"name":"(anonymous_94)","line":755,"loc":{"start":{"line":755,"column":8},"end":{"line":755,"column":32}}},"95":{"name":"(anonymous_95)","line":767,"loc":{"start":{"line":767,"column":11},"end":{"line":767,"column":35}}},"96":{"name":"(anonymous_96)","line":772,"loc":{"start":{"line":772,"column":10},"end":{"line":772,"column":34}}},"97":{"name":"(anonymous_97)","line":783,"loc":{"start":{"line":783,"column":9},"end":{"line":783,"column":33}}},"98":{"name":"(anonymous_98)","line":807,"loc":{"start":{"line":807,"column":9},"end":{"line":807,"column":25}}},"99":{"name":"(anonymous_99)","line":810,"loc":{"start":{"line":810,"column":9},"end":{"line":810,"column":25}}},"100":{"name":"(anonymous_100)","line":813,"loc":{"start":{"line":813,"column":9},"end":{"line":813,"column":25}}},"101":{"name":"(anonymous_101)","line":815,"loc":{"start":{"line":815,"column":31},"end":{"line":815,"column":46}}},"102":{"name":"(anonymous_102)","line":819,"loc":{"start":{"line":819,"column":14},"end":{"line":819,"column":30}}},"103":{"name":"(anonymous_103)","line":822,"loc":{"start":{"line":822,"column":11},"end":{"line":822,"column":27}}},"104":{"name":"(anonymous_104)","line":825,"loc":{"start":{"line":825,"column":8},"end":{"line":825,"column":24}}},"105":{"name":"(anonymous_105)","line":833,"loc":{"start":{"line":833,"column":10},"end":{"line":833,"column":34}}},"106":{"name":"(anonymous_106)","line":842,"loc":{"start":{"line":842,"column":29},"end":{"line":842,"column":44}}},"107":{"name":"(anonymous_107)","line":849,"loc":{"start":{"line":849,"column":12},"end":{"line":849,"column":36}}},"108":{"name":"(anonymous_108)","line":863,"loc":{"start":{"line":863,"column":8},"end":{"line":863,"column":32}}},"109":{"name":"(anonymous_109)","line":887,"loc":{"start":{"line":887,"column":9},"end":{"line":887,"column":33}}},"110":{"name":"(anonymous_110)","line":893,"loc":{"start":{"line":893,"column":52},"end":{"line":893,"column":68}}},"111":{"name":"(anonymous_111)","line":904,"loc":{"start":{"line":904,"column":7},"end":{"line":904,"column":31}}},"112":{"name":"(anonymous_112)","line":919,"loc":{"start":{"line":919,"column":7},"end":{"line":919,"column":31}}},"113":{"name":"(anonymous_113)","line":934,"loc":{"start":{"line":934,"column":13},"end":{"line":934,"column":37}}},"114":{"name":"(anonymous_114)","line":950,"loc":{"start":{"line":950,"column":13},"end":{"line":950,"column":37}}},"115":{"name":"(anonymous_115)","line":961,"loc":{"start":{"line":961,"column":14},"end":{"line":961,"column":48}}},"116":{"name":"(anonymous_116)","line":996,"loc":{"start":{"line":996,"column":9},"end":{"line":996,"column":43}}},"117":{"name":"(anonymous_117)","line":1023,"loc":{"start":{"line":1023,"column":8},"end":{"line":1023,"column":42}}},"118":{"name":"(anonymous_118)","line":1029,"loc":{"start":{"line":1029,"column":17},"end":{"line":1029,"column":33}}},"119":{"name":"(anonymous_119)","line":1039,"loc":{"start":{"line":1039,"column":13},"end":{"line":1039,"column":47}}},"120":{"name":"(anonymous_120)","line":1043,"loc":{"start":{"line":1043,"column":27},"end":{"line":1043,"column":49}}},"121":{"name":"(anonymous_121)","line":1046,"loc":{"start":{"line":1046,"column":43},"end":{"line":1046,"column":63}}},"122":{"name":"(anonymous_122)","line":1057,"loc":{"start":{"line":1057,"column":6},"end":{"line":1057,"column":21}}},"123":{"name":"(anonymous_123)","line":1061,"loc":{"start":{"line":1061,"column":19},"end":{"line":1061,"column":53}}},"124":{"name":"(anonymous_124)","line":1069,"loc":{"start":{"line":1069,"column":4},"end":{"line":1069,"column":20}}},"125":{"name":"(anonymous_125)","line":1074,"loc":{"start":{"line":1074,"column":41},"end":{"line":1074,"column":60}}},"126":{"name":"(anonymous_126)","line":1079,"loc":{"start":{"line":1079,"column":44},"end":{"line":1079,"column":64}}},"127":{"name":"(anonymous_127)","line":1089,"loc":{"start":{"line":1089,"column":4},"end":{"line":1089,"column":20}}},"128":{"name":"(anonymous_128)","line":1090,"loc":{"start":{"line":1090,"column":47},"end":{"line":1090,"column":66}}},"129":{"name":"(anonymous_129)","line":1095,"loc":{"start":{"line":1095,"column":50},"end":{"line":1095,"column":70}}},"130":{"name":"(anonymous_130)","line":1107,"loc":{"start":{"line":1107,"column":6},"end":{"line":1107,"column":21}}},"131":{"name":"(anonymous_131)","line":1111,"loc":{"start":{"line":1111,"column":14},"end":{"line":1111,"column":48}}},"132":{"name":"(anonymous_132)","line":1119,"loc":{"start":{"line":1119,"column":33},"end":{"line":1119,"column":52}}},"133":{"name":"(anonymous_133)","line":1121,"loc":{"start":{"line":1121,"column":44},"end":{"line":1121,"column":64}}},"134":{"name":"(anonymous_134)","line":1129,"loc":{"start":{"line":1129,"column":7},"end":{"line":1129,"column":22}}},"135":{"name":"(anonymous_135)","line":1134,"loc":{"start":{"line":1134,"column":40},"end":{"line":1134,"column":61}}},"136":{"name":"(anonymous_136)","line":1136,"loc":{"start":{"line":1136,"column":43},"end":{"line":1136,"column":63}}},"137":{"name":"(anonymous_137)","line":1144,"loc":{"start":{"line":1144,"column":7},"end":{"line":1144,"column":22}}},"138":{"name":"Sanitization","line":1155,"loc":{"start":{"line":1155,"column":1},"end":{"line":1155,"column":39}}},"139":{"name":"(anonymous_139)","line":1163,"loc":{"start":{"line":1163,"column":16},"end":{"line":1163,"column":35}}},"140":{"name":"(anonymous_140)","line":1168,"loc":{"start":{"line":1168,"column":24},"end":{"line":1168,"column":37}}},"141":{"name":"(anonymous_141)","line":1173,"loc":{"start":{"line":1173,"column":16},"end":{"line":1173,"column":32}}},"142":{"name":"(anonymous_142)","line":1177,"loc":{"start":{"line":1177,"column":12},"end":{"line":1177,"column":24}}},"143":{"name":"(anonymous_143)","line":1178,"loc":{"start":{"line":1178,"column":31},"end":{"line":1178,"column":44}}},"144":{"name":"(anonymous_144)","line":1191,"loc":{"start":{"line":1191,"column":35},"end":{"line":1191,"column":61}}},"145":{"name":"(anonymous_145)","line":1195,"loc":{"start":{"line":1195,"column":50},"end":{"line":1195,"column":71}}},"146":{"name":"(anonymous_146)","line":1205,"loc":{"start":{"line":1205,"column":36},"end":{"line":1205,"column":60}}},"147":{"name":"(anonymous_147)","line":1207,"loc":{"start":{"line":1207,"column":28},"end":{"line":1207,"column":41}}},"148":{"name":"(anonymous_148)","line":1212,"loc":{"start
[...]
ion (schema) {","\t\t\tif (schema.eq != null) {","\t\t\t\treturn schema.eq;","\t\t\t}","\t\t\treturn new Date();","\t\t},","\t\tobject: function (schema) {","\t\t\tvar o = {};","\t\t\tvar prop = schema.properties || {};","","\t\t\tfor (var key in prop) {","\t\t\t\tif (prop.hasOwnProperty(key)){","\t\t\t\t\tif (prop[key].optional === true && _rand.bool() === true) {","\t\t\t\t\t\tcontinue;","\t\t\t\t\t}","\t\t\t\t\tif (key !== '*') {","\t\t\t\t\t\to[key] = this.generate(prop[key]);","\t\t\t\t\t}","\t\t\t\t\telse {","\t\t\t\t\t\tvar rk = '__random_key_';","\t\t\t\t\t\tvar randomKey = rk + 0;","\t\t\t\t\t\tvar n = _rand.int(1, 9);","\t\t\t\t\t\tfor (var i = 1; i <= n; i++) {","\t\t\t\t\t\t\tif (!(randomKey in prop)) {","\t\t\t\t\t\t\t\to[randomKey] = this.generate(prop[key]);","\t\t\t\t\t\t\t}","\t\t\t\t\t\t\trandomKey = rk + i;","\t\t\t\t\t\t}","\t\t\t\t\t}","\t\t\t\t}","\t\t\t}","\t\t\treturn o;","\t\t},","\t\tarray: function (schema) {","\t\t\tvar self = this;","\t\t\tvar items = schema.items || {};","\t\t\tvar minLength = schema.minLength != null ? schema.minLength : 0;","\t\t\tvar maxLength = schema.maxLength != null ? schema.maxLength : 16;","\t\t\tvar type;","\t\t\tvar candidate;","\t\t\tvar size;","\t\t\tvar i;","","\t\t\tif (_typeIs.array(items)) {","\t\t\t\tsize = items.length;","\t\t\t\tif (schema.exactLength != null) {","\t\t\t\t\tsize = schema.exactLength;","\t\t\t\t}","\t\t\t\telse if (size < minLength) {","\t\t\t\t\tsize = minLength;","\t\t\t\t}","\t\t\t\telse if (size > maxLength) {","\t\t\t\t\tsize = maxLength;","\t\t\t\t}","\t\t\t\tcandidate = new Array(size);","\t\t\t\ttype = null;","\t\t\t\tfor (i = 0; i < size; i++) {","\t\t\t\t\ttype = items[i].type || 'any';","\t\t\t\t\tif (_typeIs.array(type)) {","\t\t\t\t\t\ttype = type[_rand.int(0, type.length - 1)];","\t\t\t\t\t}","\t\t\t\t\tcandidate[i] = self[type](items[i]);","\t\t\t\t}","\t\t\t}","\t\t\telse {","\t\t\t\tsize = schema.exactLength != null ? schema.exactLength : _rand.int(minLength, maxLength);","\t\t\t\tcandidate = new Array(size);","\t\t\t\ttype = items.type || 'any';","\t\t\t\tif (_typeIs.array(type)) {","\t\t\t\t\ttype = type[_rand.int(0, type.length - 1)];","\t\t\t\t}","\t\t\t\tfor (i = 0; i < size; i++) {","\t\t\t\t\tcandidate[i] = self[type](items);","\t\t\t\t}","\t\t\t}","\t\t\treturn candidate;","\t\t},","\t\tany: function (schema) {","\t\t\tvar fields = Object.keys(_typeGenerator);","\t\t\tvar i = fields[_rand.int(0, fields.length - 2)];","\t\t\treturn this[i](schema);","\t\t}","\t};","","\t// CandidateGenerator Class (Singleton) --------------------------------------","\tfunction CandidateGenerator() {","\t\t// Maybe extends Inspection class too ?","\t}","","\t_extend(CandidateGenerator.prototype, _typeGenerator);","","\tvar _instance = null;","\tCandidateGenerator.instance = function () {","\t\tif (!(_instance instanceof CandidateGenerator)) {","\t\t\t_instance = new CandidateGenerator();","\t\t}","\t\treturn _instance;","\t};","","\tCandidateGenerator.prototype.generate = function (schema) {","\t\tvar type = schema.type || 'any';","\t\tif (_typeIs.array(type)) {","\t\t\ttype = type[_rand.int(0, type.length - 1)];","\t\t}","\t\treturn this[type](schema);","\t};","","// Exports ---------------------------------------------------------------------","\tvar SchemaInspector = {};","","\t// if server-side (node.js) else client-side","\tif (typeof module !== 'undefined' && module.exports) {","\t\tmodule.exports = SchemaInspector;","\t}","\telse {","\t\twindow.SchemaInspector = SchemaInspector;","\t}","","\tSchemaInspector.newSanitization = function (schema, custom) {","\t\treturn new Sanitization(schema, custom);","\t};","","\tSchemaInspector.newValidation = function (schema, custom) {","\t\treturn new Validation(schema, custom);","\t};","","\tSchemaInspector.Validation = Validation;","\tSchemaInspector.Sanitization = Sanitization;","","\tSchemaInspector.sanitize = function (schema, post, custom, callback) {","\t\tif (arguments.length === 3 && typeof custom === 'function') {","\t\t\tcallback = custom;","\t\t\tcustom = null;","\t\t}","\t\treturn new Sanitization(schema, custom).sanitize(post, callback);","\t};","","\tSchemaInspector.validate = function (schema, candidate, custom, callback) {","\t\tif (arguments.length === 3 && typeof custom === 'function') {","\t\t\tcallback = custom;","\t\t\tcustom = null;","\t\t}","\t\treturn new Validation(schema, custom).validate(candidate, callback);","\t};","","\tSchemaInspector.generate = function (schema, n) {","\t\tif (typeof n === 'number') {","\t\t\tvar r = new Array(n);","\t\t\tfor (var i = 0; i < n; i++) {","\t\t\t\tr[i] = CandidateGenerator.instance().generate(schema);","\t\t\t}","\t\t\treturn r;","\t\t}","\t\treturn CandidateGenerator.instance().generate(schema);","\t};","})();",""],"l":{"6":1,"7":1,"9":1,"10":1,"11":0,"13":1,"15":1,"16":10,"17":0,"19":10,"20":10,"21":10,"22":56,"24":10,"27":1,"28":4,"29":4,"30":4,"31":4,"33":4,"34":8,"35":4,"36":4,"37":4,"38":7,"42":4,"51":1,"52":2,"54":2,"55":3,"58":2,"59":0,"62":2,"63":0,"64":0,"66":0,"67":0,"76":1,"77":4,"79":4,"80":4,"81":4,"82":4,"83":7,"84":7,"89":4,"90":0,"93":4,"94":9,"98":4,"99":3,"100":3,"103":4,"104":10,"105":10,"108":4,"109":13,"110":13,"115":1,"117":3,"120":5,"123":7,"126":1,"129":0,"132":0,"135":0,"138":3,"141":2,"144":19,"147":0,"151":1,"152":22,"153":0,"155":22,"156":22,"159":1,"160":3,"161":6,"162":3,"163":0,"168":1,"169":0,"170":0,"172":0,"173":0,"174":0,"176":0,"180":1,"201":1,"203":17,"205":17,"206":0,"208":17,"209":0,"214":16,"215":0,"217":16,"218":16,"219":16,"221":16,"222":3,"223":3,"227":0,"228":0,"229":0,"231":0,"232":0,"233":0,"234":0,"236":0,"237":0,"238":0,"239":0,"244":0,"245":0,"246":0,"247":0,"249":0,"250":0,"251":0,"253":0,"254":0,"255":0,"257":0,"258":0,"259":0,"263":0,"264":0,"268":0,"269":0,"273":2,"274":0,"276":2,"277":2,"278":0,"280":2,"281":0,"285":0,"286":0,"288":0,"289":0,"290":0,"292":0,"293":0,"297":0,"298":0,"300":0,"301":0,"302":0,"304":0,"305":0,"309":0,"310":0,"311":0,"313":0,"314":0,"318":1,"319":1,"320":1,"322":0,"323":0,"327":1,"328":1,"329":1,"331":0,"332":0,"336":0,"337":0,"338":0,"340":0,"341":0,"345":0,"346":0,"348":0,"349":0,"350":0,"352":0,"353":0,"354":0,"355":0,"358":0,"359":0,"363":0,"364":0,"369":0,"370":0,"372":0,"373":0,"374":0,"376":0,"377":0,"378":0,"379":0,"380":0,"385":0,"386":0,"391":0,"392":0,"393":0,"395":0,"396":0,"398":0,"399":0,"400":0,"405":0,"406":0,"407":0,"409":0,"410":0,"411":0,"412":0,"414":0,"415":0,"416":0,"417":0,"422":0,"424":0,"425":0,"427":0,"428":0,"429":0,"434":1,"435":0,"437":1,"438":0,"440":1,"442":1,"443":0,"444":0,"445":0,"447":0,"448":0,"449":0,"452":1,"453":3,"454":0,"456":3,"457":3,"458":3,"462":2,"463":1,"465":1,"466":0,"468":1,"469":1,"474":1,"475":0,"476":0,"477":0,"478":0,"482":1,"483":3,"484":3,"485":3,"486":3,"494":1,"496":0,"497":0,"498":0,"499":0,"500":0,"502":0,"504":0,"508":0,"509":0,"511":0,"512":0,"513":0,"515":0,"516":0,"518":0,"519":0,"520":0,"522":0,"523":0,"524":0,"525":0,"530":0,"531":0,"532":0,"534":0,"535":0,"536":0,"537":0,"544":1,"545":0,"547":1,"548":1,"549":1,"551":1,"552":0,"553":0,"554":0,"555":0,"556":0,"558":0,"562":1,"563":7,"564":7,"565":7,"566":7,"576":1,"577":4,"578":4,"580":4,"581":4,"582":4,"584":4,"585":5,"591":5,"592":5,"595":4,"596":4,"600":4,"601":0,"603":4,"604":5,"611":1,"612":1,"613":1,"615":1,"616":4,"617":4,"618":1,"619":1,"620":1,"621":1,"622":1,"626":3,"629":1,"630":9,"631":9,"632":9,"633":9,"634":171,"635":23,"638":9,"639":13,"640":4,"643":9,"646":1,"647":8,"648":8,"649":8,"650":8,"652":8,"654":8,"655":152,"656":152,"657":17,"658":1,"660":16,"662":151,"667":8,"668":24,"669":24,"670":7,"671":7,"673":0,"675":17,"684":1,"686":0,"687":0,"688":0,"690":0,"691":0,"692":0,"693":0,"695":0,"696":0,"697":0,"698":0,"701":0,"702":0,"704":0,"707":0,"708":0,"709":0,"711":0,"712":0,"713":0,"714":0,"716":0,"717":0,"718":0,"719":0,"722":0,"723":0,"725":0,"726":0,"727":0,"729":0,"730":0,"732":0,"735":0,"736":0,"738":0,"740":0,"741":0,"742":0,"744":0,"746":0,"747":0,"748":0,"750":0,"751":0,"753":0,"756":0,"757":0,"760":0,"761":0,"762":0,"765":0,"768":0,"769":0,"770":0,"773":0,"774":0,"776":0,"777":0,"780":0,"784":0,"785":0,"786":0,"787":0,"788":0,"789":0,"790":0,"791":0,"794":0,"797":0,"800":0,"801":0,"802":0,"806":1,"808":0,"811":0,"815":0,"816":0,"820":0,"823":0,"826":0,"832":1,"834":0,"835":0,"836":0,"837":0,"838":0,"839":0,"840":0,"841":0,"842":0,"843":0,"844":0,"847":0,"850":0,"851":0,"852":0,"854":0,"855":0,"857":0,"858":0,"859":0,"861":0,"867":0,"868":0,"870":0,"871":0,"872":0,"873":0,"874":0,"875":0,"878":0,"879":0,"881":0,"882":0,"883":0,"885":0,"888":0,"889":0,"890":0,"892":0,"893":0,"894":0,"895":0,"896":0,"899":0,"900":0,"902":0,"905":0,"906":0,"907":0,"909":0,"910":0,"911":0,"913":0,"914":0,"915":0,"917":0,"920":0,"921":0,"922":0,"924":0,"925":0,"926":0,"928":0,"929":0,"930":0,"932":0,"935":0,"936":0,"937":0,"939":0,"940":0,"941":0,"942":0,"943":0,"945":0,"946":0,"948":0,"951":0,"952":0,"953":0,"955":0,"956":0,"957":0,"959":0,"962":0,"963":0,"965":0,"966":0,"968":0,"969":0,"970":0,"971":0,"972":0,"973":0,"974":0,"976":0,"977":0,"978":0,"979":0,"981":0,"984":0,"985":0,"986":0,"987":0,"988":0,"989":0,"991":0,"994":0,"997":0,"998":0,"1000":0,"1001":0,"1003":0,"1004":0,"1005":0,"1006":0,"1007":0,"1008":0,"1009":0,"1013":0,"1014":0,"1015":0,"1016":0,"1017":0,"1021":0,"1024":0,"1025":0,"1027":0,"1029":0,"1030":0,"1031":0,"1034":0,"1038":1,"1040":0,"1041":0,"1043":0,"1044":0,"1045":0,"1046":0,"1047":0,"1048":0,"1050":0,"1051":0,"1054":0,"1056":0,"1058":0,"1062":0,"1063":0,"1065":0,"1066":0,"1068":0,"1070":0,"1071":0,"1073":0,"1074":0,"1075":0,"1076":0,"1078":0,"1079":0,"1080":0,"1081":0,"1082":0,"1084":0,"1085":0,"1090":0,"1091":0,"1092":0,"1094":0,"1095":0,"1096":0,"1097":0,"1099":0,"1100":0,"1102":0,"1103":0,"1108":0,"1112":0,"1113":0,"1115":0,"1116":0,"1117":0,"1118":0,"1119":0,"1120":0,"1121":0,"1122":0,"1123":0,"1125":0,"1126":0,"1127":0,"1130":0,"1134":0,"1135":0,"1136":0,"1137":0,"1138":0,"1140":0,"1141":0,"1142":0,"1145":0,"1148":0,"1155":1,"1156":0,"1157":0,"1159":0,"1160":0,"1161":0,"1163":0,"1164":0,"1168":0,"1169":0,"1173":0,"1174":0,"1178":0,"1179":0,"1186":1,"1187":1,"1188":1,"1191":1,"1192":0,"1193":0,"1194":0,"1195":0,"1196":0,"1197":0,"1200":0,"1201":0,"1202":0,"1205":1,"1206":0,"1207":0,"1208":0,"1209":0,"1212":0,"1213":0,"1214":0,"1217":0,"1220":1,"1221":0,"1222":0,"1224":0,"1226":0,"1227":0,"1228":0,"1229":0,"1230":0,"1232":0,"1234":0,"1239":0,"1240":0,"1241":0,"1242":0,"1243":0,"1245":0,"1247":0,"1256":1,"1257":1,"1259":1,"1261":0,"1264":0,"1267":0,"1270":0,"1273":0,"1277":1,"1279":0,"1282":0,"1285":0,"1288":0,"1289":0,"1290":0,"1292":0,"1293":0,"1295":0,"1298":0,"1301":0,"1302":0,"1304":0,"1307":0,"1310":0,"1311":0,"1312":0,"1314":0,"1315":0,"1317":0,"1320":0,"1321":0,"1322":0,"1324":0,"1325":0,"1327":0,"1330":0,"1331":0,"1332":0,"1334":0,"1335":0,"1337":0,"1340":0,"1341":0,"1342":0,"1344":0,"1348":1,"1349":0,"1350":0,"1352":0,"1353":0,"1355":0,"1356":0,"1358":0,"1359":0,"1361":0,"1362":0,"1364":0,"1367":1,"1369":0,"1370":0,"1372":0,"1373":0,"1374":0,"1375":0,"1376":0,"1379":0,"1380":0,"1381":0,"1383":0,"1386":0,"1387":0,"1389":0,"1390":0,"1391":0,"1392":0,"1393":0,"1394":0,"1397":0,"1400":0,"1401":0,"1403":0,"1404":0,"1405":0,"1406":0,"1407":0,"1408":0,"1411":0,"1414":0,"1415":0,"1417":0,"1420":0,"1423":0,"1424":0,"1426":0,"1429":0,"1430":0,"1432":0,"1433":0,"1434":0,"1435":0,"1437":0,"1438":0,"1441":0,"1442":0,"1443":0,"1444":0,"1445":0,"1446":0,"1448":0,"1453":0,"1456":0,"1457":0,"1458":0,"1459":0,"1460":0,"1461":0,"1462":0,"1463":0,"1465":0,"1466":0,"1467":0,"1468":0,"1470":0,"1471":0,"1473":0,"1474":0,"1476":0,"1477":0,"1478":0,"1479":0,"1480":0,"1481":0,"1483":0,"1487":0,"1488":0,"1489":0,"1490":0,"1491":0,"1493":0,"1494":0,"1497":0,"1500":0,"1501":0,"1502":0,"1507":1,"1511":1,"1513":1,"1514":1,"1515":0,"1516":0,"1518":0,"1521":1,"1522":0,"1523":0,"1524":0,"1526":0,"1530":1,"1533":1,"1534":1,"1537":0,"1540":1,"1541":0,"1544":1,"1545":0,"1548":1,"1549":1,"1551":1,"1552":0,"1553":0,"1554":0,"1556":0,"1559":1,"1560":4,"1561":1,"1562":1,"1564":4,"1567":1,"1568":0,"1569":0,"1570":0,"1571":0,"1573":0,"1575":0}},"/home/travis/build/npmtest/node-npmtest-schema-inspector/node_modules/schema-inspector/misc/custom-type.js":{"path":"/home/travis/build/npmtest/node-npmtest-schema-inspector/node_modules/schema-inspector/misc/custom-type.js","s":{"1":1,"2":1,"3":1,"4":1,"5":1,"6":1,"7":0,"8":1,"9":1,"10":1,"11":1,"12":1,"13":1,"14":1,"15":1},"b":{"1":[1,0],"2":[1,0],"3":[1,0]},"f":{"1":1},"fnMap":{"1":{"name":"(anonymous_1)","line":15,"loc":{"start":{"line":15,"column":7},"end":{"line":15,"column":36}}}},"statementMap":{"1":{"start":{"line":1,"column":0},"end":{"line":1,"column":31}},"2":{"start":{"line":4,"column":0},"end":{"line":11,"column":2}},"3":{"start":{"line":13,"column":0},"end":{"line":26,"column":2}},"4":{"start":{"line":16,"column":2},"end":{"line":16,"column":13}},"5":{"start":{"line":18,"column":2},"end":{"line":22,"column":66}},"6":{"start":{"line":19,"column":3},"end":{"line":19,"column":60}},"7":{"start":{"line":22,"column":3},"end":{"line":22,"column":66}},"8":{"start":{"line":23,"column":2},"end":{"line":24,"column":39}},"9":{"start":{"line":24,"column":3},"end":{"line":24,"column":39}},"10":{"start":{"line":28,"column":0},"end":{"line":28,"column":46}},"11":{"start":{"line":30,"column":0},"end":{"line":34,"column":2}},"12":{"start":{"line":35,"column":0},"end":{"line":35,"column":33}},"13":{"start":{"line":37,"column":0},"end":{"line":37,"column":46}},"14":{"start":{"line":38,"column":0},"end":{"line":39,"column":30}},"15":{"start":{"line":39,"column":1},"end":{"line":39,"column":30}}},"branchMap":{"1":{"line":18,"type":"if","locations":[{"start":{"line":18,"column":2},"end":{"line":18,"column":2}},{"start":{"line":18,"column":2},"end":{"line":18,"column":2}}]},"2":{"line":23,"type":"if","locations":[{"start":{"line":23,"column":2},"end":{"line":23,"column":2}},{"start":{"line":23,"column":2},"end":{"line":23,"column":2}}]},"3":{"line":38,"type":"if","locations":[{"start":{"line":38,"column":0},"end":{"line":38,"column":0}},{"start":{"line":38,"column":0},"end":{"line":38,"column":0}}]}},"code":["var inspector = require('../');","","// Custom type schema","var personValidation = {","\ttype: 'object',","\tproperties: {","\t\tfirstname: { type: 'string', minLength: 1 },","\t\tlastname: { type: 'string', minLength: 1 },","\t\tage: { type: 'integer', gt: 0, lte: 120 }","\t}","};","// Custom Validation ($type)","var customValidation = {","\t// $type will be like type but with an additional possible value \"person\"","\ttype: function (schema, candidate) {","\t\tvar result;","\t\t// Custom type","\t\tif (schema.$type === 'person')","\t\t\tresult = inspector.validate(personValidation, candidate);","\t\t// Basic type","\t\telse","\t\t\tresult = inspector.validate({ type: schema.$type }, candidate);","\t\tif (!result.valid)","\t\t\treturn this.report(result.format());","\t}","};","// Extend SchemaInspector.Validator","inspector.Validation.extend(customValidation);","","var data = {","\tfirstname: ' sebastien ',","\tlastname: 'chopin  ',","\tage: '21'","};","var schema = { $type: 'person' };","","var result = inspector.validate(schema, data);","if (!result.valid)","\tconsole.log(result.format()); // Property @.age: must be integer, but is string"],"l":{"1":1,"4":1,"13":1,"16":1,"18":1,"19":1,"22":0,"23":1,"24":1,"28":1,"30":1,"35":1,"37":1,"38":1,"39":1}},"/home/travis/build/npmtest/node-npmtest-schema-inspector/node_modules/schema-inspector/misc/validDate.js":{"path":"/home/travis/build/npmtest/node-npmtest-schema-inspector/node_modules/schema-inspector/misc/validDate.js","s":{"1":1,"2":1,"3":3,"4":1,"5":1,"6":1,"7":1,"8":1,"9":1},"b":{"1":[1,2],"2":[3,3,2]},"f":{"1":3},"fnMap":{"1":{"name":"(anonymous_1)","line":5,"loc":{"start":{"line":5,"column":12},"end":{"line":5,"column":36}}}},"statementMap":{"1":{"start":{"line":1,"column":0},"end":{"line":1,"column":31}},"2":{"start":{"line":4,"column":0},"end":{"line":12,"column":2}},"3":{"start":{"line":6,"column":6},"end":{"line":10,"column":7}},"4":{"start":{"line":9,"column":10},"end":{"line":9,"column":46}},"5":{"start":{"line":13,"column":0},"end":{"line":13,"column":46}},"6":{"start":{"line":15,"column":0},"end":{"line":19,"column":2}},"7":{"start":{"line":20,"column":0},"end":{"line":26,"column":2}},"8":{"start":{"line":28,"column":0},"end":{"line":28,"column":46}},"9":{"start":{"line":29,"column":0},"end":{"line":29,"column":29}}},"branchMap":{"1":{"line":6,"type":"if","locations":[{"start":{"line":6,"column":6},"end":{"line":6,"column":6}},{"start":{"line":6,"column":6},"end":{"line":6,"column":6}}]},"2":{"line":6,"type":"binary-expr","locations":[{"start":{"line":6,"column":10},"end":{"line":6,"column":36}},{"start":{"line":7,"column":12},"end":{"line":7,"column":68}},{"start":{"line":8,"column":12},"end":{"line":8,"column":33}}]}},"code":["var inspector = require('../');","","// Custom type schema","var customValidation = {","\tvalidDate: function (schema, date) {","      if (schema.$validDate === true","         && Object.prototype.toString.call(date) === \"[object Date]\"","         && isNaN(date.getTime())) {","          this.report('must be a valid date');","      }","  }","};","inspector.Validation.extend(customValidation);","","var data = {","\tvalidDate: new Date(),","\tinvalidDate: new Date('invalid'),","\tnoDate: 'hello!'","};","var schema = {","\ttype: 'object',","\titems: {","\t\ttype: 'date',","\t\t$validDate: true","\t}","};","","var result = inspector.validate(schema, data);","console.log(result.format());","/*","Property @[invalidDate]: must be a valid date","Property @[noDate]: must be date, but is string","*/",""],"l":{"1":1,"4":1,"6":3,"9":1,"13":1,"15":1,"20":1,"28":1,"29":1}},"/home/travis/build/npmtest/node-npmtest-schema-inspector/node_modules/schema-inspector/misc/vd_test2.js":{"path":"/home/travis/build/npmtest/node-npmtest-schema-inspector/node_modules/schema-inspector/misc/vd_test2.js","s":{"1":1,"2":1,"3":1,"4":7,"5":7,"6":1,"7":1,"8":1,"9":1,"10":1,"11":1},"b":{"1":[1,0]},"f":{"1":7,"2":1},"fnMap":{"1":{"name":"(anonymous_1)","line":6,"loc":{"start":{"line":6,"column":9},"end":{"line":6,"column":48}}},"2":{"name":"(anonymous_2)","line":23,"loc":{"start":{"line":23,"column":38},"end":{"line":23,"column":56}}}},"statementMap":{"1":{"start":{"line":1,"column":0},"end":{"line":3,"column":1}},"2":{"start":{"line":2,"column":2},"end":{"line":2,"column":39}},"3":{"start":{"line":5,"column":0},"end":{"line":10,"column":3}},"4":{"start":{"line":7,"column":2},"end":{"line":7,"column":39}},"5":{"start":{"line":8,"column":4},"end":{"line":8,"column":15}},"6":{"start":{"line":12,"column":0},"end":{"line":17,"column":2}},"7":{"start":{"line":19,"column":0},"end":{"line":19,"column":34}},"8":{"start":{"line":22,"column":0},"end":{"line":22,"column":25}},"9":{"start":{"line":23,"column":0},"end":{"line":26,"column":3}},"10":{"start":{"line":24,"column":1},"end":{"line":24,"column":16}},"11":{"start":{"line":25,"column":1},"end":{"line":25,"column":25}}},"branchMap":{"1":{"line":1,"type":"if","locations":[{"start":{"line":1,"column":0},"end":{"line":1,"column":0}},{"start":{"line":1,"column":0},"end":{"line":1,"column":0}}]}},"code":["if (typeof require === 'function') {","  var SchemaInspector = require('../');","}","","SchemaInspector.Validation.extend({","\tunique: function (schema, candidate, callback) {","\t\tconsole.log(this.origin._connection);","    callback();","\t}","});","","var schema = {","\ttype: 'array',","\titems: {","\t\ttype: 'number', $unique: true","\t}","};","","var obj = [ 0, 5, 10, 15, 17, 20];","","// -----------------------------------------------------------------------------","obj._connection = 'test';","SchemaInspector.validate(schema, obj, function (err, r) {","\tconsole.log(r);","\tconsole.log(r.format());","});",""],"l":{"1":1,"2":1,"5":1,"7":7,"8":7,"12":1,"19":1,"22":1,"23":1,"24":1,"25":1}}}